2024-03-04 13:14:05.277 [info] Using settings sync service https://vscode-sync.trafficmanager.net/
2024-03-04 13:14:05.278 [info] Auto Sync is enabled.
2024-03-04 13:14:05.278 [info] Auto Sync: Suspended until auth token is available.
2024-03-04 13:14:07.943 [info] Auto Sync: Triggered by Interval
2024-03-04 13:14:07.943 [info] Sync started.
2024-03-04 13:14:09.812 [info] Deleting non existing profile from backup /home/onalennaleso99/.config/Code/User/sync/extensions
2024-03-04 13:14:09.901 [info] Deleting non existing profile from backup /home/onalennaleso99/.config/Code/User/sync/globalState
2024-03-04 13:14:09.972 [info] Deleting non existing profile from backup /home/onalennaleso99/.config/Code/User/sync/keybindings
2024-03-04 13:14:10.106 [info] Deleting non existing profile from backup /home/onalennaleso99/.config/Code/User/sync/profiles
2024-03-04 13:14:10.390 [info] Settings: No changes found during synchronizing settings.
2024-03-04 13:14:10.398 [info] Deleting non existing profile from backup /home/onalennaleso99/.config/Code/User/sync/settings
2024-03-04 13:14:10.464 [info] Deleting non existing profile from backup /home/onalennaleso99/.config/Code/User/sync/snippets
2024-03-04 13:14:10.794 [info] Deleting non existing profile from backup /home/onalennaleso99/.config/Code/User/sync/tasks
2024-03-04 13:14:10.988 [info] Keybindings: Last sync resource does not exist locally.
2024-03-04 13:14:11.816 [info] Keybindings: No changes found during synchronizing keybindings.
2024-03-04 13:14:11.877 [info] Snippets: Last sync resource does not exist locally.
2024-03-04 13:14:12.248 [info] Snippets: No changes found during synchronizing snippets.
2024-03-04 13:14:12.257 [info] Tasks: Last sync resource does not exist locally.
2024-03-04 13:14:12.596 [info] Tasks: No changes found during synchronizing tasks.
2024-03-04 13:14:12.685 [info] GlobalState: Migrating last sync user data. Resource does not exist.
2024-03-04 13:14:12.687 [info] GlobalState: Last sync data state does not exist.
2024-03-04 13:14:13.260 [error] Error: Unable to write file '/home/onalennaleso99/.config/Code/User/sync/globalState/preview/globalState.json' (Unknown (FileSystemError): Error: EFAULT: bad address in system call argument, write)
    at v.writeFile (/usr/share/code/resources/app/out/vs/code/node/sharedProcess/sharedProcessMain.js:56:17302)
    at async a.eb (/usr/share/code/resources/app/out/vs/code/node/sharedProcess/sharedProcessMain.js:111:16362)
2024-03-04 13:14:13.262 [error] globalState: Unable to write file '/home/onalennaleso99/.config/Code/User/sync/globalState/preview/globalState.json' (Unknown (FileSystemError): Error: EFAULT: bad address in system call argument, write)
2024-03-04 13:14:13.264 [info] Extensions: Last sync resource does not exist locally.
2024-03-04 13:14:14.017 [info] Extensions: No changes found during synchronizing extensions.
2024-03-04 13:14:14.022 [info] Profiles: Last sync resource does not exist locally.
2024-03-04 13:14:14.197 [info] Profiles: No changes found during synchronizing profiles.
2024-03-04 13:14:14.207 [info] Sync done. Took 6442ms
2024-03-04 13:14:30.040 [info] GlobalState: Migrating last sync user data. Resource does not exist.
2024-03-04 13:14:30.063 [info] GlobalState: Last sync data state does not exist.
2024-03-04 13:14:31.997 [info] Auto Sync: Triggered by Activity
2024-03-04 13:14:32.000 [info] Sync started.
2024-03-04 13:14:32.266 [info] Settings: Last sync resource does not exist locally.
2024-03-04 13:14:32.502 [info] Settings: No changes found during synchronizing settings.
2024-03-04 13:14:32.523 [info] Keybindings: No changes found during synchronizing keybindings.
2024-03-04 13:14:32.545 [info] Snippets: No changes found during synchronizing snippets.
2024-03-04 13:14:32.564 [info] Tasks: No changes found during synchronizing tasks.
2024-03-04 13:14:32.580 [info] GlobalState: Migrating last sync user data. Resource does not exist.
2024-03-04 13:14:32.581 [info] GlobalState: Last sync data state does not exist.
2024-03-04 13:14:33.110 [error] Error: Unable to write file '/home/onalennaleso99/.config/Code/User/sync/globalState/preview/globalState.json' (Unknown (FileSystemError): Error: EFAULT: bad address in system call argument, write)
    at v.writeFile (/usr/share/code/resources/app/out/vs/code/node/sharedProcess/sharedProcessMain.js:56:17302)
    at async a.eb (/usr/share/code/resources/app/out/vs/code/node/sharedProcess/sharedProcessMain.js:111:16362)
2024-03-04 13:14:33.111 [error] globalState: Unable to write file '/home/onalennaleso99/.config/Code/User/sync/globalState/preview/globalState.json' (Unknown (FileSystemError): Error: EFAULT: bad address in system call argument, write)
2024-03-04 13:14:33.364 [info] Extensions: No changes found during synchronizing extensions.
2024-03-04 13:14:33.372 [info] Profiles: No changes found during synchronizing profiles.
2024-03-04 13:14:33.381 [info] Sync done. Took 1384ms
2024-03-04 13:15:01.772 [info] GlobalState: Migrating last sync user data. Resource does not exist.
2024-03-04 13:15:01.774 [info] GlobalState: Last sync data state does not exist.
2024-03-04 13:15:03.780 [info] Auto Sync: Triggered by Activity
2024-03-04 13:15:03.780 [info] Sync started.
2024-03-04 13:15:03.959 [info] Settings: No changes found during synchronizing settings.
2024-03-04 13:15:03.980 [info] Keybindings: No changes found during synchronizing keybindings.
2024-03-04 13:15:04.004 [info] Snippets: No changes found during synchronizing snippets.
2024-03-04 13:15:04.029 [info] Tasks: No changes found during synchronizing tasks.
2024-03-04 13:15:04.037 [info] GlobalState: Migrating last sync user data. Resource does not exist.
2024-03-04 13:15:04.039 [info] GlobalState: Last sync data state does not exist.
2024-03-04 13:15:04.655 [error] Error: Unable to write file '/home/onalennaleso99/.config/Code/User/sync/globalState/preview/globalState.json' (Unknown (FileSystemError): Error: EFAULT: bad address in system call argument, write)
    at v.writeFile (/usr/share/code/resources/app/out/vs/code/node/sharedProcess/sharedProcessMain.js:56:17302)
    at async a.eb (/usr/share/code/resources/app/out/vs/code/node/sharedProcess/sharedProcessMain.js:111:16362)
2024-03-04 13:15:04.657 [error] globalState: Unable to write file '/home/onalennaleso99/.config/Code/User/sync/globalState/preview/globalState.json' (Unknown (FileSystemError): Error: EFAULT: bad address in system call argument, write)
2024-03-04 13:15:05.014 [info] Extensions: No changes found during synchronizing extensions.
2024-03-04 13:15:05.024 [info] Profiles: No changes found during synchronizing profiles.
2024-03-04 13:15:05.034 [info] Sync done. Took 1255ms
2024-03-04 13:20:05.057 [info] Auto Sync: Triggered by Interval
2024-03-04 13:20:05.066 [info] Sync started.
2024-03-04 13:20:05.887 [info] Settings: No changes found during synchronizing settings.
2024-03-04 13:20:05.972 [info] Keybindings: No changes found during synchronizing keybindings.
2024-03-04 13:20:06.060 [info] Snippets: No changes found during synchronizing snippets.
2024-03-04 13:20:06.150 [info] Tasks: No changes found during synchronizing tasks.
2024-03-04 13:20:06.182 [info] GlobalState: Migrating last sync user data. Resource does not exist.
2024-03-04 13:20:06.185 [info] GlobalState: Last sync data state does not exist.
2024-03-04 13:20:06.802 [error] Error: Unable to write file '/home/onalennaleso99/.config/Code/User/sync/globalState/preview/globalState.json' (Unknown (FileSystemError): Error: EFAULT: bad address in system call argument, write)
    at v.writeFile (/usr/share/code/resources/app/out/vs/code/node/sharedProcess/sharedProcessMain.js:56:17302)
    at async a.eb (/usr/share/code/resources/app/out/vs/code/node/sharedProcess/sharedProcessMain.js:111:16362)
2024-03-04 13:20:06.804 [error] globalState: Unable to write file '/home/onalennaleso99/.config/Code/User/sync/globalState/preview/globalState.json' (Unknown (FileSystemError): Error: EFAULT: bad address in system call argument, write)
2024-03-04 13:20:07.280 [info] Extensions: No changes found during synchronizing extensions.
2024-03-04 13:20:07.286 [info] Profiles: No changes found during synchronizing profiles.
2024-03-04 13:20:07.296 [info] Sync done. Took 2249ms
2024-03-04 13:25:07.302 [info] Auto Sync: Triggered by Interval
2024-03-04 13:25:07.304 [info] Sync started.
2024-03-04 13:25:08.150 [info] Settings: No changes found during synchronizing settings.
2024-03-04 13:25:08.166 [info] Keybindings: No changes found during synchronizing keybindings.
2024-03-04 13:25:08.195 [info] Snippets: No changes found during synchronizing snippets.
2024-03-04 13:25:08.221 [info] Tasks: No changes found during synchronizing tasks.
2024-03-04 13:25:08.239 [info] GlobalState: Migrating last sync user data. Resource does not exist.
2024-03-04 13:25:08.240 [info] GlobalState: Last sync data state does not exist.
2024-03-04 13:25:08.772 [error] Error: Unable to write file '/home/onalennaleso99/.config/Code/User/sync/globalState/preview/globalState.json' (Unknown (FileSystemError): Error: EFAULT: bad address in system call argument, write)
    at v.writeFile (/usr/share/code/resources/app/out/vs/code/node/sharedProcess/sharedProcessMain.js:56:17302)
    at async a.eb (/usr/share/code/resources/app/out/vs/code/node/sharedProcess/sharedProcessMain.js:111:16362)
2024-03-04 13:25:08.774 [error] globalState: Unable to write file '/home/onalennaleso99/.config/Code/User/sync/globalState/preview/globalState.json' (Unknown (FileSystemError): Error: EFAULT: bad address in system call argument, write)
2024-03-04 13:25:09.279 [info] Extensions: No changes found during synchronizing extensions.
2024-03-04 13:25:09.285 [info] Profiles: No changes found during synchronizing profiles.
2024-03-04 13:25:09.294 [info] Sync done. Took 1995ms
2024-03-04 13:30:09.305 [info] Auto Sync: Triggered by Interval
2024-03-04 13:30:09.307 [info] Sync started.
2024-03-04 13:30:09.926 [info] Settings: No changes found during synchronizing settings.
2024-03-04 13:30:09.963 [info] Keybindings: No changes found during synchronizing keybindings.
2024-03-04 13:30:10.003 [info] Snippets: No changes found during synchronizing snippets.
2024-03-04 13:30:10.038 [info] Tasks: No changes found during synchronizing tasks.
2024-03-04 13:30:10.050 [info] GlobalState: Migrating last sync user data. Resource does not exist.
2024-03-04 13:30:10.052 [info] GlobalState: Last sync data state does not exist.
2024-03-04 13:30:10.591 [error] Error: Unable to write file '/home/onalennaleso99/.config/Code/User/sync/globalState/preview/globalState.json' (Unknown (FileSystemError): Error: EFAULT: bad address in system call argument, write)
    at v.writeFile (/usr/share/code/resources/app/out/vs/code/node/sharedProcess/sharedProcessMain.js:56:17302)
    at async a.eb (/usr/share/code/resources/app/out/vs/code/node/sharedProcess/sharedProcessMain.js:111:16362)
2024-03-04 13:30:10.592 [error] globalState: Unable to write file '/home/onalennaleso99/.config/Code/User/sync/globalState/preview/globalState.json' (Unknown (FileSystemError): Error: EFAULT: bad address in system call argument, write)
2024-03-04 13:30:10.793 [info] Extensions: No changes found during synchronizing extensions.
2024-03-04 13:30:10.799 [info] Profiles: No changes found during synchronizing profiles.
2024-03-04 13:30:10.803 [info] Sync done. Took 1499ms
2024-03-04 13:35:10.818 [info] Auto Sync: Triggered by Interval
2024-03-04 13:35:10.826 [info] Sync started.
2024-03-04 13:35:11.500 [info] Settings: No changes found during synchronizing settings.
2024-03-04 13:35:11.531 [info] Keybindings: No changes found during synchronizing keybindings.
2024-03-04 13:35:11.575 [info] Snippets: No changes found during synchronizing snippets.
2024-03-04 13:35:11.593 [info] Tasks: No changes found during synchronizing tasks.
2024-03-04 13:35:11.603 [info] GlobalState: Migrating last sync user data. Resource does not exist.
2024-03-04 13:35:11.604 [info] GlobalState: Last sync data state does not exist.
2024-03-04 13:35:12.104 [error] Error: Unable to write file '/home/onalennaleso99/.config/Code/User/sync/globalState/preview/globalState.json' (Unknown (FileSystemError): Error: EFAULT: bad address in system call argument, write)
    at v.writeFile (/usr/share/code/resources/app/out/vs/code/node/sharedProcess/sharedProcessMain.js:56:17302)
    at async a.eb (/usr/share/code/resources/app/out/vs/code/node/sharedProcess/sharedProcessMain.js:111:16362)
2024-03-04 13:35:12.105 [error] globalState: Unable to write file '/home/onalennaleso99/.config/Code/User/sync/globalState/preview/globalState.json' (Unknown (FileSystemError): Error: EFAULT: bad address in system call argument, write)
2024-03-04 13:35:12.432 [info] Extensions: No changes found during synchronizing extensions.
2024-03-04 13:35:12.441 [info] Profiles: No changes found during synchronizing profiles.
2024-03-04 13:35:12.446 [info] Sync done. Took 1635ms
2024-03-04 13:40:12.459 [info] Auto Sync: Triggered by Interval
2024-03-04 13:40:12.461 [info] Sync started.
2024-03-04 13:40:13.368 [info] Settings: No changes found during synchronizing settings.
2024-03-04 13:40:13.427 [info] Keybindings: No changes found during synchronizing keybindings.
2024-03-04 13:40:13.460 [info] Snippets: No changes found during synchronizing snippets.
2024-03-04 13:40:13.490 [info] Tasks: No changes found during synchronizing tasks.
2024-03-04 13:40:13.503 [info] GlobalState: Migrating last sync user data. Resource does not exist.
2024-03-04 13:40:13.506 [info] GlobalState: Last sync data state does not exist.
2024-03-04 13:40:14.011 [error] Error: Unable to write file '/home/onalennaleso99/.config/Code/User/sync/globalState/preview/globalState.json' (Unknown (FileSystemError): Error: EFAULT: bad address in system call argument, write)
    at v.writeFile (/usr/share/code/resources/app/out/vs/code/node/sharedProcess/sharedProcessMain.js:56:17302)
    at async a.eb (/usr/share/code/resources/app/out/vs/code/node/sharedProcess/sharedProcessMain.js:111:16362)
2024-03-04 13:40:14.012 [error] globalState: Unable to write file '/home/onalennaleso99/.config/Code/User/sync/globalState/preview/globalState.json' (Unknown (FileSystemError): Error: EFAULT: bad address in system call argument, write)
2024-03-04 13:40:14.439 [info] Extensions: No changes found during synchronizing extensions.
2024-03-04 13:40:14.457 [info] Profiles: No changes found during synchronizing profiles.
2024-03-04 13:40:14.471 [info] Sync done. Took 2012ms
2024-03-04 13:45:14.482 [info] Auto Sync: Triggered by Interval
2024-03-04 13:45:14.484 [info] Sync started.
2024-03-04 13:45:15.029 [info] Settings: No changes found during synchronizing settings.
2024-03-04 13:45:15.045 [info] Keybindings: No changes found during synchronizing keybindings.
2024-03-04 13:45:15.062 [info] Snippets: No changes found during synchronizing snippets.
2024-03-04 13:45:15.077 [info] Tasks: No changes found during synchronizing tasks.
2024-03-04 13:45:15.084 [info] GlobalState: Migrating last sync user data. Resource does not exist.
2024-03-04 13:45:15.088 [info] GlobalState: Last sync data state does not exist.
2024-03-04 13:45:15.595 [error] Error: Unable to write file '/home/onalennaleso99/.config/Code/User/sync/globalState/preview/globalState.json' (Unknown (FileSystemError): Error: EFAULT: bad address in system call argument, write)
    at v.writeFile (/usr/share/code/resources/app/out/vs/code/node/sharedProcess/sharedProcessMain.js:56:17302)
    at async a.eb (/usr/share/code/resources/app/out/vs/code/node/sharedProcess/sharedProcessMain.js:111:16362)
2024-03-04 13:45:15.596 [error] globalState: Unable to write file '/home/onalennaleso99/.config/Code/User/sync/globalState/preview/globalState.json' (Unknown (FileSystemError): Error: EFAULT: bad address in system call argument, write)
2024-03-04 13:45:15.833 [info] Extensions: No changes found during synchronizing extensions.
2024-03-04 13:45:15.838 [info] Profiles: No changes found during synchronizing profiles.
2024-03-04 13:45:15.844 [info] Sync done. Took 1363ms
2024-03-04 13:50:15.864 [info] Auto Sync: Triggered by Interval
2024-03-04 13:50:15.879 [info] Sync started.
2024-03-04 13:50:16.534 [info] Settings: No changes found during synchronizing settings.
2024-03-04 13:50:16.571 [info] Keybindings: No changes found during synchronizing keybindings.
2024-03-04 13:50:16.618 [info] Snippets: No changes found during synchronizing snippets.
2024-03-04 13:50:16.650 [info] Tasks: No changes found during synchronizing tasks.
2024-03-04 13:50:16.663 [info] GlobalState: Migrating last sync user data. Resource does not exist.
2024-03-04 13:50:16.665 [info] GlobalState: Last sync data state does not exist.
2024-03-04 13:50:17.205 [error] Error: Unable to write file '/home/onalennaleso99/.config/Code/User/sync/globalState/preview/globalState.json' (Unknown (FileSystemError): Error: EFAULT: bad address in system call argument, write)
    at v.writeFile (/usr/share/code/resources/app/out/vs/code/node/sharedProcess/sharedProcessMain.js:56:17302)
    at async a.eb (/usr/share/code/resources/app/out/vs/code/node/sharedProcess/sharedProcessMain.js:111:16362)
2024-03-04 13:50:17.206 [error] globalState: Unable to write file '/home/onalennaleso99/.config/Code/User/sync/globalState/preview/globalState.json' (Unknown (FileSystemError): Error: EFAULT: bad address in system call argument, write)
2024-03-04 13:50:17.478 [info] Extensions: No changes found during synchronizing extensions.
2024-03-04 13:50:17.482 [info] Profiles: No changes found during synchronizing profiles.
2024-03-04 13:50:17.488 [info] Sync done. Took 1632ms
2024-03-04 13:55:17.503 [info] Auto Sync: Triggered by Interval
2024-03-04 13:55:17.503 [info] Sync started.
2024-03-04 13:55:18.069 [info] Settings: No changes found during synchronizing settings.
2024-03-04 13:55:18.106 [info] Keybindings: No changes found during synchronizing keybindings.
2024-03-04 13:55:18.146 [info] Snippets: No changes found during synchronizing snippets.
2024-03-04 13:55:18.177 [info] Tasks: No changes found during synchronizing tasks.
2024-03-04 13:55:18.198 [info] GlobalState: Migrating last sync user data. Resource does not exist.
2024-03-04 13:55:18.200 [info] GlobalState: Last sync data state does not exist.
2024-03-04 13:55:18.783 [error] Error: Unable to write file '/home/onalennaleso99/.config/Code/User/sync/globalState/preview/globalState.json' (Unknown (FileSystemError): Error: EFAULT: bad address in system call argument, write)
    at v.writeFile (/usr/share/code/resources/app/out/vs/code/node/sharedProcess/sharedProcessMain.js:56:17302)
    at async a.eb (/usr/share/code/resources/app/out/vs/code/node/sharedProcess/sharedProcessMain.js:111:16362)
2024-03-04 13:55:18.786 [error] globalState: Unable to write file '/home/onalennaleso99/.config/Code/User/sync/globalState/preview/globalState.json' (Unknown (FileSystemError): Error: EFAULT: bad address in system call argument, write)
2024-03-04 13:55:19.309 [info] Extensions: No changes found during synchronizing extensions.
2024-03-04 13:55:19.319 [info] Profiles: No changes found during synchronizing profiles.
2024-03-04 13:55:19.328 [info] Sync done. Took 1824ms
2024-03-04 14:00:19.345 [info] Auto Sync: Triggered by Interval
2024-03-04 14:00:19.347 [info] Sync started.
2024-03-04 14:00:20.029 [info] Settings: No changes found during synchronizing settings.
2024-03-04 14:00:20.081 [info] Keybindings: No changes found during synchronizing keybindings.
2024-03-04 14:00:20.128 [info] Snippets: No changes found during synchronizing snippets.
2024-03-04 14:00:20.159 [info] Tasks: No changes found during synchronizing tasks.
2024-03-04 14:00:20.180 [info] GlobalState: Migrating last sync user data. Resource does not exist.
2024-03-04 14:00:20.182 [info] GlobalState: Last sync data state does not exist.
2024-03-04 14:00:20.681 [error] Error: Unable to write file '/home/onalennaleso99/.config/Code/User/sync/globalState/preview/globalState.json' (Unknown (FileSystemError): Error: EFAULT: bad address in system call argument, write)
    at v.writeFile (/usr/share/code/resources/app/out/vs/code/node/sharedProcess/sharedProcessMain.js:56:17302)
    at async a.eb (/usr/share/code/resources/app/out/vs/code/node/sharedProcess/sharedProcessMain.js:111:16362)
2024-03-04 14:00:20.685 [error] globalState: Unable to write file '/home/onalennaleso99/.config/Code/User/sync/globalState/preview/globalState.json' (Unknown (FileSystemError): Error: EFAULT: bad address in system call argument, write)
2024-03-04 14:00:21.136 [info] Extensions: No changes found during synchronizing extensions.
2024-03-04 14:00:21.143 [info] Profiles: No changes found during synchronizing profiles.
2024-03-04 14:00:21.158 [info] Sync done. Took 1813ms
2024-03-04 14:05:21.183 [info] Auto Sync: Triggered by Interval
2024-03-04 14:05:21.188 [info] Sync started.
2024-03-04 14:05:21.855 [info] Settings: No changes found during synchronizing settings.
2024-03-04 14:05:21.899 [info] Keybindings: No changes found during synchronizing keybindings.
2024-03-04 14:05:21.935 [info] Snippets: No changes found during synchronizing snippets.
2024-03-04 14:05:21.965 [info] Tasks: No changes found during synchronizing tasks.
2024-03-04 14:05:21.980 [info] GlobalState: Migrating last sync user data. Resource does not exist.
2024-03-04 14:05:21.982 [info] GlobalState: Last sync data state does not exist.
2024-03-04 14:05:22.545 [error] Error: Unable to write file '/home/onalennaleso99/.config/Code/User/sync/globalState/preview/globalState.json' (Unknown (FileSystemError): Error: EFAULT: bad address in system call argument, write)
    at v.writeFile (/usr/share/code/resources/app/out/vs/code/node/sharedProcess/sharedProcessMain.js:56:17302)
    at async a.eb (/usr/share/code/resources/app/out/vs/code/node/sharedProcess/sharedProcessMain.js:111:16362)
2024-03-04 14:05:22.547 [error] globalState: Unable to write file '/home/onalennaleso99/.config/Code/User/sync/globalState/preview/globalState.json' (Unknown (FileSystemError): Error: EFAULT: bad address in system call argument, write)
2024-03-04 14:05:22.989 [info] Extensions: No changes found during synchronizing extensions.
2024-03-04 14:05:23.000 [info] Profiles: No changes found during synchronizing profiles.
2024-03-04 14:05:23.013 [info] Sync done. Took 1836ms
2024-03-04 14:10:23.036 [info] Auto Sync: Triggered by Interval
2024-03-04 14:10:23.043 [info] Sync started.
2024-03-04 14:10:23.774 [info] Settings: No changes found during synchronizing settings.
2024-03-04 14:10:23.811 [info] Keybindings: No changes found during synchronizing keybindings.
2024-03-04 14:10:23.918 [info] Snippets: No changes found during synchronizing snippets.
2024-03-04 14:10:23.933 [info] Tasks: No changes found during synchronizing tasks.
2024-03-04 14:10:23.946 [info] GlobalState: Migrating last sync user data. Resource does not exist.
2024-03-04 14:10:23.949 [info] GlobalState: Last sync data state does not exist.
2024-03-04 14:10:24.483 [error] Error: Unable to write file '/home/onalennaleso99/.config/Code/User/sync/globalState/preview/globalState.json' (Unknown (FileSystemError): Error: EFAULT: bad address in system call argument, write)
    at v.writeFile (/usr/share/code/resources/app/out/vs/code/node/sharedProcess/sharedProcessMain.js:56:17302)
    at async a.eb (/usr/share/code/resources/app/out/vs/code/node/sharedProcess/sharedProcessMain.js:111:16362)
2024-03-04 14:10:24.487 [error] globalState: Unable to write file '/home/onalennaleso99/.config/Code/User/sync/globalState/preview/globalState.json' (Unknown (FileSystemError): Error: EFAULT: bad address in system call argument, write)
2024-03-04 14:10:24.992 [info] Extensions: No changes found during synchronizing extensions.
2024-03-04 14:10:24.997 [info] Profiles: No changes found during synchronizing profiles.
2024-03-04 14:10:25.004 [info] Sync done. Took 1974ms
2024-03-04 14:15:25.025 [info] Auto Sync: Triggered by Interval
2024-03-04 14:15:25.026 [info] Sync started.
2024-03-04 14:15:25.698 [info] Settings: No changes found during synchronizing settings.
2024-03-04 14:15:25.727 [info] Keybindings: No changes found during synchronizing keybindings.
2024-03-04 14:15:25.759 [info] Snippets: No changes found during synchronizing snippets.
2024-03-04 14:15:25.785 [info] Tasks: No changes found during synchronizing tasks.
2024-03-04 14:15:25.796 [info] GlobalState: Migrating last sync user data. Resource does not exist.
2024-03-04 14:15:25.798 [info] GlobalState: Last sync data state does not exist.
2024-03-04 14:15:26.408 [error] Error: Unable to write file '/home/onalennaleso99/.config/Code/User/sync/globalState/preview/globalState.json' (Unknown (FileSystemError): Error: EFAULT: bad address in system call argument, write)
    at v.writeFile (/usr/share/code/resources/app/out/vs/code/node/sharedProcess/sharedProcessMain.js:56:17302)
    at async a.eb (/usr/share/code/resources/app/out/vs/code/node/sharedProcess/sharedProcessMain.js:111:16362)
2024-03-04 14:15:26.410 [error] globalState: Unable to write file '/home/onalennaleso99/.config/Code/User/sync/globalState/preview/globalState.json' (Unknown (FileSystemError): Error: EFAULT: bad address in system call argument, write)
2024-03-04 14:15:26.897 [info] Extensions: No changes found during synchronizing extensions.
2024-03-04 14:15:26.906 [info] Profiles: No changes found during synchronizing profiles.
2024-03-04 14:15:26.913 [info] Sync done. Took 1891ms
2024-03-04 14:20:26.942 [info] Auto Sync: Triggered by Interval
2024-03-04 14:20:26.943 [info] Sync started.
2024-03-04 14:20:27.922 [info] Settings: No changes found during synchronizing settings.
2024-03-04 14:20:27.947 [info] Keybindings: No changes found during synchronizing keybindings.
2024-03-04 14:20:27.974 [info] Snippets: No changes found during synchronizing snippets.
2024-03-04 14:20:28.005 [info] Tasks: No changes found during synchronizing tasks.
2024-03-04 14:20:28.020 [info] GlobalState: Migrating last sync user data. Resource does not exist.
2024-03-04 14:20:28.021 [info] GlobalState: Last sync data state does not exist.
2024-03-04 14:20:28.572 [error] Error: Unable to write file '/home/onalennaleso99/.config/Code/User/sync/globalState/preview/globalState.json' (Unknown (FileSystemError): Error: EFAULT: bad address in system call argument, write)
    at v.writeFile (/usr/share/code/resources/app/out/vs/code/node/sharedProcess/sharedProcessMain.js:56:17302)
    at async a.eb (/usr/share/code/resources/app/out/vs/code/node/sharedProcess/sharedProcessMain.js:111:16362)
2024-03-04 14:20:28.574 [error] globalState: Unable to write file '/home/onalennaleso99/.config/Code/User/sync/globalState/preview/globalState.json' (Unknown (FileSystemError): Error: EFAULT: bad address in system call argument, write)
2024-03-04 14:20:28.972 [info] Extensions: No changes found during synchronizing extensions.
2024-03-04 14:20:28.982 [info] Profiles: No changes found during synchronizing profiles.
2024-03-04 14:20:28.988 [info] Sync done. Took 2045ms
2024-03-04 14:25:29.016 [info] Auto Sync: Triggered by Interval
2024-03-04 14:25:29.022 [info] Sync started.
2024-03-04 14:25:29.664 [info] Settings: No changes found during synchronizing settings.
2024-03-04 14:25:29.700 [info] Keybindings: No changes found during synchronizing keybindings.
2024-03-04 14:25:29.776 [info] Snippets: No changes found during synchronizing snippets.
2024-03-04 14:25:29.788 [info] Tasks: No changes found during synchronizing tasks.
2024-03-04 14:25:29.799 [info] GlobalState: Migrating last sync user data. Resource does not exist.
2024-03-04 14:25:29.800 [info] GlobalState: Last sync data state does not exist.
2024-03-04 14:25:30.296 [error] Error: Unable to write file '/home/onalennaleso99/.config/Code/User/sync/globalState/preview/globalState.json' (Unknown (FileSystemError): Error: EFAULT: bad address in system call argument, write)
    at v.writeFile (/usr/share/code/resources/app/out/vs/code/node/sharedProcess/sharedProcessMain.js:56:17302)
    at async a.eb (/usr/share/code/resources/app/out/vs/code/node/sharedProcess/sharedProcessMain.js:111:16362)
2024-03-04 14:25:30.298 [error] globalState: Unable to write file '/home/onalennaleso99/.config/Code/User/sync/globalState/preview/globalState.json' (Unknown (FileSystemError): Error: EFAULT: bad address in system call argument, write)
2024-03-04 14:25:30.680 [info] Extensions: No changes found during synchronizing extensions.
2024-03-04 14:25:30.687 [info] Profiles: No changes found during synchronizing profiles.
2024-03-04 14:25:30.692 [info] Sync done. Took 1681ms
2024-03-04 14:30:30.721 [info] Auto Sync: Triggered by Interval
2024-03-04 14:30:30.733 [info] Sync started.
2024-03-04 14:30:31.566 [info] Settings: No changes found during synchronizing settings.
2024-03-04 14:30:31.681 [info] Keybindings: No changes found during synchronizing keybindings.
2024-03-04 14:30:31.720 [info] Snippets: No changes found during synchronizing snippets.
2024-03-04 14:30:31.746 [info] Tasks: No changes found during synchronizing tasks.
2024-03-04 14:30:31.757 [info] GlobalState: Migrating last sync user data. Resource does not exist.
2024-03-04 14:30:31.760 [info] GlobalState: Last sync data state does not exist.
2024-03-04 14:30:32.326 [error] Error: Unable to write file '/home/onalennaleso99/.config/Code/User/sync/globalState/preview/globalState.json' (Unknown (FileSystemError): Error: EFAULT: bad address in system call argument, write)
    at v.writeFile (/usr/share/code/resources/app/out/vs/code/node/sharedProcess/sharedProcessMain.js:56:17302)
    at async a.eb (/usr/share/code/resources/app/out/vs/code/node/sharedProcess/sharedProcessMain.js:111:16362)
2024-03-04 14:30:32.327 [error] globalState: Unable to write file '/home/onalennaleso99/.config/Code/User/sync/globalState/preview/globalState.json' (Unknown (FileSystemError): Error: EFAULT: bad address in system call argument, write)
2024-03-04 14:30:32.755 [info] Extensions: No changes found during synchronizing extensions.
2024-03-04 14:30:32.764 [info] Profiles: No changes found during synchronizing profiles.
2024-03-04 14:30:32.774 [info] Sync done. Took 2057ms
2024-03-04 14:35:32.799 [info] Auto Sync: Triggered by Interval
2024-03-04 14:35:32.800 [info] Sync started.
2024-03-04 14:35:33.419 [info] Settings: No changes found during synchronizing settings.
2024-03-04 14:35:33.457 [info] Keybindings: No changes found during synchronizing keybindings.
2024-03-04 14:35:33.495 [info] Snippets: No changes found during synchronizing snippets.
2024-03-04 14:35:33.533 [info] Tasks: No changes found during synchronizing tasks.
2024-03-04 14:35:33.539 [info] GlobalState: Migrating last sync user data. Resource does not exist.
2024-03-04 14:35:33.541 [info] GlobalState: Last sync data state does not exist.
2024-03-04 14:35:34.065 [error] Error: Unable to write file '/home/onalennaleso99/.config/Code/User/sync/globalState/preview/globalState.json' (Unknown (FileSystemError): Error: EFAULT: bad address in system call argument, write)
    at v.writeFile (/usr/share/code/resources/app/out/vs/code/node/sharedProcess/sharedProcessMain.js:56:17302)
    at async a.eb (/usr/share/code/resources/app/out/vs/code/node/sharedProcess/sharedProcessMain.js:111:16362)
2024-03-04 14:35:34.065 [error] globalState: Unable to write file '/home/onalennaleso99/.config/Code/User/sync/globalState/preview/globalState.json' (Unknown (FileSystemError): Error: EFAULT: bad address in system call argument, write)
2024-03-04 14:35:34.394 [info] Extensions: No changes found during synchronizing extensions.
2024-03-04 14:35:34.399 [info] Profiles: No changes found during synchronizing profiles.
2024-03-04 14:35:34.403 [info] Sync done. Took 1605ms
2024-03-04 14:40:34.433 [info] Auto Sync: Triggered by Interval
2024-03-04 14:40:34.435 [info] Sync started.
2024-03-04 14:40:35.076 [info] Settings: No changes found during synchronizing settings.
2024-03-04 14:40:35.118 [info] Keybindings: No changes found during synchronizing keybindings.
2024-03-04 14:40:35.162 [info] Snippets: No changes found during synchronizing snippets.
2024-03-04 14:40:35.188 [info] Tasks: No changes found during synchronizing tasks.
2024-03-04 14:40:35.207 [info] GlobalState: Migrating last sync user data. Resource does not exist.
2024-03-04 14:40:35.209 [info] GlobalState: Last sync data state does not exist.
2024-03-04 14:40:35.808 [error] Error: Unable to write file '/home/onalennaleso99/.config/Code/User/sync/globalState/preview/globalState.json' (Unknown (FileSystemError): Error: EFAULT: bad address in system call argument, write)
    at v.writeFile (/usr/share/code/resources/app/out/vs/code/node/sharedProcess/sharedProcessMain.js:56:17302)
    at async a.eb (/usr/share/code/resources/app/out/vs/code/node/sharedProcess/sharedProcessMain.js:111:16362)
2024-03-04 14:40:35.809 [error] globalState: Unable to write file '/home/onalennaleso99/.config/Code/User/sync/globalState/preview/globalState.json' (Unknown (FileSystemError): Error: EFAULT: bad address in system call argument, write)
2024-03-04 14:40:36.310 [info] Extensions: No changes found during synchronizing extensions.
2024-03-04 14:40:36.317 [info] Profiles: No changes found during synchronizing profiles.
2024-03-04 14:40:36.326 [info] Sync done. Took 1894ms
2024-03-04 14:45:36.355 [info] Auto Sync: Triggered by Interval
2024-03-04 14:45:36.356 [info] Sync started.
2024-03-04 14:45:37.157 [info] Settings: No changes found during synchronizing settings.
2024-03-04 14:45:37.196 [info] Keybindings: No changes found during synchronizing keybindings.
2024-03-04 14:45:37.243 [info] Snippets: No changes found during synchronizing snippets.
2024-03-04 14:45:37.271 [info] Tasks: No changes found during synchronizing tasks.
2024-03-04 14:45:37.291 [info] GlobalState: Migrating last sync user data. Resource does not exist.
2024-03-04 14:45:37.296 [info] GlobalState: Last sync data state does not exist.
2024-03-04 14:45:37.889 [error] Error: Unable to write file '/home/onalennaleso99/.config/Code/User/sync/globalState/preview/globalState.json' (Unknown (FileSystemError): Error: EFAULT: bad address in system call argument, write)
    at v.writeFile (/usr/share/code/resources/app/out/vs/code/node/sharedProcess/sharedProcessMain.js:56:17302)
    at async a.eb (/usr/share/code/resources/app/out/vs/code/node/sharedProcess/sharedProcessMain.js:111:16362)
2024-03-04 14:45:37.890 [error] globalState: Unable to write file '/home/onalennaleso99/.config/Code/User/sync/globalState/preview/globalState.json' (Unknown (FileSystemError): Error: EFAULT: bad address in system call argument, write)
2024-03-04 14:45:38.330 [info] Extensions: No changes found during synchronizing extensions.
2024-03-04 14:45:38.358 [info] Profiles: No changes found during synchronizing profiles.
2024-03-04 14:45:38.369 [info] Sync done. Took 2013ms
