2024-03-27 20:34:54.385 [info] Reading sessions from keychain...
2024-03-27 20:34:54.385 [info] Getting sessions for all scopes...
2024-03-27 20:34:54.385 [info] Getting sessions for user:email...
2024-03-27 20:34:54.990 [info] Got stored sessions!
2024-03-27 20:34:54.991 [info] Got 1 verified sessions.
2024-03-27 20:34:54.991 [info] Got 1 sessions for ...
2024-03-27 20:34:54.993 [info] Got 1 sessions for user:email...
2024-03-27 20:34:55.106 [info] Getting sessions for all scopes...
2024-03-27 20:34:55.107 [info] Got 1 sessions for ...
2024-03-27 20:34:55.372 [info] Getting sessions for user:email...
2024-03-27 20:34:55.372 [info] Got 1 sessions for user:email...
2024-03-27 20:39:46.402 [info] Reading sessions from keychain...
2024-03-27 20:39:46.402 [info] Getting sessions for all scopes...
2024-03-27 20:39:46.402 [info] Getting sessions for all scopes...
2024-03-27 20:39:46.402 [info] Got stored sessions!
2024-03-27 20:39:46.402 [info] Got 1 verified sessions.
2024-03-27 20:39:46.402 [info] Got 1 sessions for ...
2024-03-27 20:39:46.402 [info] Got 1 sessions for ...
2024-03-27 20:39:46.402 [info] Getting sessions for user:email...
2024-03-27 20:39:46.402 [info] Got 1 sessions for user:email...
2024-03-27 20:39:46.768 [info] Getting sessions for user:email...
2024-03-27 20:39:46.769 [info] Got 1 sessions for user:email...
2024-03-27 20:39:47.751 [info] Getting sessions for all scopes...
2024-03-27 20:39:47.751 [info] Got 1 sessions for ...
