2024-02-21 08:09:38.007 [info] Log level: Info
2024-02-21 08:09:38.007 [info] Validating found git in: "git"
2024-02-21 08:09:38.007 [info] Using git "2.39.2" from "git"
2024-02-21 08:09:38.007 [info] > git rev-parse --show-toplevel [16ms]
2024-02-21 08:09:38.007 [info] fatal: not a git repository (or any of the parent directories): .git
2024-02-21 08:09:38.007 [info] > git rev-parse --show-toplevel [6ms]
2024-02-21 08:09:38.007 [info] fatal: not a git repository (or any of the parent directories): .git
2024-02-21 08:09:38.007 [info] > git rev-parse --show-toplevel [15ms]
2024-02-21 08:09:38.007 [info] fatal: not a git repository (or any of the parent directories): .git
2024-02-21 08:09:38.048 [info] > git rev-parse --show-toplevel [12ms]
2024-02-21 08:09:38.048 [info] fatal: not a git repository (or any of the parent directories): .git
2024-02-21 08:09:38.200 [info] > git rev-parse --show-toplevel [102ms]
2024-02-21 08:09:38.200 [info] fatal: not a git repository (or any of the parent directories): .git
2024-02-21 08:09:38.298 [info] > git rev-parse --show-toplevel [49ms]
2024-02-21 08:09:38.299 [info] fatal: not a git repository (or any of the parent directories): .git
2024-02-21 08:09:38.370 [info] > git rev-parse --show-toplevel [7ms]
2024-02-21 08:09:38.371 [info] fatal: not a git repository (or any of the parent directories): .git
2024-02-21 10:36:34.692 [info] > git rev-parse --show-toplevel [75ms]
2024-02-21 10:36:34.693 [info] fatal: not a git repository (or any of the parent directories): .git
2024-02-21 10:51:17.375 [info] > git rev-parse --show-toplevel [21ms]
2024-02-21 10:51:17.375 [info] fatal: not a git repository (or any of the parent directories): .git
2024-02-21 10:56:24.326 [info] > git rev-parse --show-toplevel [6ms]
2024-02-21 10:56:24.326 [info] fatal: not a git repository (or any of the parent directories): .git
2024-02-21 10:56:35.598 [info] > git rev-parse --show-toplevel [14ms]
2024-02-21 10:56:35.598 [info] fatal: not a git repository (or any of the parent directories): .git
2024-02-21 10:56:38.203 [info] > git rev-parse --show-toplevel [3ms]
2024-02-21 10:56:38.203 [info] fatal: not a git repository (or any of the parent directories): .git
2024-02-21 10:57:28.238 [info] > git rev-parse --show-toplevel [14ms]
2024-02-21 10:57:28.238 [info] fatal: not a git repository (or any of the parent directories): .git
2024-02-21 10:58:04.485 [info] > git rev-parse --show-toplevel [11ms]
2024-02-21 10:58:04.485 [info] fatal: not a git repository (or any of the parent directories): .git
2024-02-21 11:01:43.392 [info] > git rev-parse --show-toplevel [8ms]
2024-02-21 11:01:43.393 [info] fatal: not a git repository (or any of the parent directories): .git
2024-02-21 11:07:37.850 [info] > git rev-parse --show-toplevel [10ms]
2024-02-21 11:07:37.851 [info] fatal: not a git repository (or any of the parent directories): .git
2024-02-21 11:10:49.613 [info] > git rev-parse --show-toplevel [20ms]
2024-02-21 11:10:49.613 [info] fatal: not a git repository (or any of the parent directories): .git
2024-02-21 11:11:11.414 [info] > git rev-parse --show-toplevel [16ms]
2024-02-21 11:11:11.414 [info] fatal: not a git repository (or any of the parent directories): .git
2024-02-21 11:12:07.621 [info] > git rev-parse --show-toplevel [19ms]
2024-02-21 11:12:07.621 [info] fatal: not a git repository (or any of the parent directories): .git
2024-02-21 11:12:08.971 [info] > git rev-parse --show-toplevel [14ms]
2024-02-21 11:12:08.972 [info] fatal: not a git repository (or any of the parent directories): .git
2024-02-21 11:13:19.475 [info] > git rev-parse --show-toplevel [13ms]
2024-02-21 11:13:19.475 [info] fatal: not a git repository (or any of the parent directories): .git
2024-02-21 11:13:29.747 [info] > git rev-parse --show-toplevel [9ms]
2024-02-21 11:13:29.747 [info] fatal: not a git repository (or any of the parent directories): .git
