2024-03-27 18:29:47.455 [info] Using settings sync service https://vscode-sync.trafficmanager.net/
2024-03-27 18:29:47.456 [info] Auto Sync is enabled.
2024-03-27 18:29:47.456 [info] Auto Sync: Suspended until auth token is available.
2024-03-27 18:29:50.214 [info] Deleting non existing profile from backup /home/onalennaleso99/.config/Code/User/sync/extensions
2024-03-27 18:29:50.293 [info] Deleting non existing profile from backup /home/onalennaleso99/.config/Code/User/sync/globalState
2024-03-27 18:29:50.381 [info] Deleting non existing profile from backup /home/onalennaleso99/.config/Code/User/sync/keybindings
2024-03-27 18:29:50.529 [info] Deleting non existing profile from backup /home/onalennaleso99/.config/Code/User/sync/profiles
2024-03-27 18:29:50.530 [info] Deleting non existing profile from backup /home/onalennaleso99/.config/Code/User/sync/settings
2024-03-27 18:29:50.788 [info] Deleting non existing profile from backup /home/onalennaleso99/.config/Code/User/sync/snippets
2024-03-27 18:29:51.189 [info] Deleting non existing profile from backup /home/onalennaleso99/.config/Code/User/sync/tasks
2024-03-27 18:29:53.791 [info] Auto Sync: Triggered by Interval
2024-03-27 18:29:53.792 [info] Sync started.
2024-03-27 18:29:56.374 [info] Settings: Last sync resource does not exist locally.
2024-03-27 18:29:58.453 [info] Settings: No changes found during synchronizing settings.
2024-03-27 18:29:58.647 [info] Keybindings: Last sync resource does not exist locally.
2024-03-27 18:29:59.178 [info] Keybindings: No changes found during synchronizing keybindings.
2024-03-27 18:29:59.186 [info] Snippets: Last sync resource does not exist locally.
2024-03-27 18:29:59.651 [info] Snippets: No changes found during synchronizing snippets.
2024-03-27 18:29:59.675 [info] Tasks: Last sync resource does not exist locally.
2024-03-27 18:29:59.983 [info] Tasks: No changes found during synchronizing tasks.
2024-03-27 18:29:59.998 [info] GlobalState: Migrating last sync user data. Resource does not exist.
2024-03-27 18:29:59.999 [info] GlobalState: Last sync data state does not exist.
2024-03-27 18:30:00.849 [error] Error: Unable to write file '/home/onalennaleso99/.config/Code/User/sync/globalState/preview/globalState.json' (Unknown (FileSystemError): Error: EFAULT: bad address in system call argument, write)
    at v.writeFile (/usr/share/code/resources/app/out/vs/code/node/sharedProcess/sharedProcessMain.js:56:17305)
    at async a.eb (/usr/share/code/resources/app/out/vs/code/node/sharedProcess/sharedProcessMain.js:111:16362)
2024-03-27 18:30:00.851 [error] globalState: Unable to write file '/home/onalennaleso99/.config/Code/User/sync/globalState/preview/globalState.json' (Unknown (FileSystemError): Error: EFAULT: bad address in system call argument, write)
2024-03-27 18:30:00.853 [info] Extensions: Last sync resource does not exist locally.
2024-03-27 18:30:01.982 [info] Extensions: No changes found during synchronizing extensions.
2024-03-27 18:30:02.000 [info] Profiles: Last sync resource does not exist locally.
2024-03-27 18:30:02.286 [info] Profiles: No changes found during synchronizing profiles.
2024-03-27 18:30:02.295 [info] Sync done. Took 8533ms
2024-03-27 18:30:36.812 [info] GlobalState: Migrating last sync user data. Resource does not exist.
2024-03-27 18:30:36.813 [info] GlobalState: Last sync data state does not exist.
2024-03-27 18:30:38.829 [info] Auto Sync: Triggered by Activity
2024-03-27 18:30:38.832 [info] Sync started.
2024-03-27 18:30:39.215 [info] Settings: No changes found during synchronizing settings.
2024-03-27 18:30:39.291 [info] Keybindings: No changes found during synchronizing keybindings.
2024-03-27 18:30:39.319 [info] Snippets: No changes found during synchronizing snippets.
2024-03-27 18:30:39.338 [info] Tasks: No changes found during synchronizing tasks.
2024-03-27 18:30:39.353 [info] GlobalState: Migrating last sync user data. Resource does not exist.
2024-03-27 18:30:39.355 [info] GlobalState: Last sync data state does not exist.
2024-03-27 18:30:39.890 [error] Error: Unable to write file '/home/onalennaleso99/.config/Code/User/sync/globalState/preview/globalState.json' (Unknown (FileSystemError): Error: EFAULT: bad address in system call argument, write)
    at v.writeFile (/usr/share/code/resources/app/out/vs/code/node/sharedProcess/sharedProcessMain.js:56:17305)
    at async a.eb (/usr/share/code/resources/app/out/vs/code/node/sharedProcess/sharedProcessMain.js:111:16362)
2024-03-27 18:30:39.891 [error] globalState: Unable to write file '/home/onalennaleso99/.config/Code/User/sync/globalState/preview/globalState.json' (Unknown (FileSystemError): Error: EFAULT: bad address in system call argument, write)
2024-03-27 18:30:40.102 [info] Extensions: No changes found during synchronizing extensions.
2024-03-27 18:30:40.108 [info] Profiles: No changes found during synchronizing profiles.
2024-03-27 18:30:40.111 [info] Sync done. Took 1288ms
2024-03-27 18:31:18.096 [info] Auto Sync: Triggered by Activity
2024-03-27 18:31:18.101 [info] Sync started.
2024-03-27 18:31:18.325 [info] Settings: No changes found during synchronizing settings.
2024-03-27 18:31:18.355 [info] Keybindings: No changes found during synchronizing keybindings.
2024-03-27 18:31:18.384 [info] Snippets: No changes found during synchronizing snippets.
2024-03-27 18:31:18.405 [info] Tasks: No changes found during synchronizing tasks.
2024-03-27 18:31:18.422 [info] GlobalState: Migrating last sync user data. Resource does not exist.
2024-03-27 18:31:18.424 [info] GlobalState: Last sync data state does not exist.
2024-03-27 18:31:18.991 [error] Error: Unable to write file '/home/onalennaleso99/.config/Code/User/sync/globalState/preview/globalState.json' (Unknown (FileSystemError): Error: EFAULT: bad address in system call argument, write)
    at v.writeFile (/usr/share/code/resources/app/out/vs/code/node/sharedProcess/sharedProcessMain.js:56:17305)
    at async a.eb (/usr/share/code/resources/app/out/vs/code/node/sharedProcess/sharedProcessMain.js:111:16362)
2024-03-27 18:31:19.001 [error] globalState: Unable to write file '/home/onalennaleso99/.config/Code/User/sync/globalState/preview/globalState.json' (Unknown (FileSystemError): Error: EFAULT: bad address in system call argument, write)
2024-03-27 18:31:19.254 [info] Extensions: No changes found during synchronizing extensions.
2024-03-27 18:31:19.258 [info] Profiles: No changes found during synchronizing profiles.
2024-03-27 18:31:19.263 [info] Sync done. Took 1175ms
2024-03-27 18:32:02.561 [info] Auto Sync: Triggered by Activity
2024-03-27 18:32:02.563 [info] Sync started.
2024-03-27 18:32:02.747 [info] Settings: No changes found during synchronizing settings.
2024-03-27 18:32:02.773 [info] Keybindings: No changes found during synchronizing keybindings.
2024-03-27 18:32:02.815 [info] Snippets: No changes found during synchronizing snippets.
2024-03-27 18:32:02.839 [info] Tasks: No changes found during synchronizing tasks.
2024-03-27 18:32:02.846 [info] GlobalState: Migrating last sync user data. Resource does not exist.
2024-03-27 18:32:02.848 [info] GlobalState: Last sync data state does not exist.
2024-03-27 18:32:03.360 [error] Error: Unable to write file '/home/onalennaleso99/.config/Code/User/sync/globalState/preview/globalState.json' (Unknown (FileSystemError): Error: EFAULT: bad address in system call argument, write)
    at v.writeFile (/usr/share/code/resources/app/out/vs/code/node/sharedProcess/sharedProcessMain.js:56:17305)
    at async a.eb (/usr/share/code/resources/app/out/vs/code/node/sharedProcess/sharedProcessMain.js:111:16362)
2024-03-27 18:32:03.362 [error] globalState: Unable to write file '/home/onalennaleso99/.config/Code/User/sync/globalState/preview/globalState.json' (Unknown (FileSystemError): Error: EFAULT: bad address in system call argument, write)
2024-03-27 18:32:03.665 [info] Extensions: No changes found during synchronizing extensions.
2024-03-27 18:32:03.677 [info] Profiles: No changes found during synchronizing profiles.
2024-03-27 18:32:03.683 [info] Sync done. Took 1123ms
2024-03-27 18:32:09.884 [info] GlobalState: Migrating last sync user data. Resource does not exist.
2024-03-27 18:32:09.887 [info] GlobalState: Last sync data state does not exist.
2024-03-27 18:32:11.914 [info] Auto Sync: Triggered by Activity
2024-03-27 18:32:11.915 [info] Sync started.
2024-03-27 18:32:12.419 [info] Settings: No changes found during synchronizing settings.
2024-03-27 18:32:14.440 [info] Keybindings: No changes found during synchronizing keybindings.
2024-03-27 18:32:16.105 [info] Snippets: No changes found during synchronizing snippets.
2024-03-27 18:32:16.659 [info] Tasks: No changes found during synchronizing tasks.
2024-03-27 18:32:16.740 [info] GlobalState: Migrating last sync user data. Resource does not exist.
2024-03-27 18:32:16.741 [info] GlobalState: Last sync data state does not exist.
2024-03-27 18:32:17.715 [error] Error: Unable to write file '/home/onalennaleso99/.config/Code/User/sync/globalState/preview/globalState.json' (Unknown (FileSystemError): Error: EFAULT: bad address in system call argument, write)
    at v.writeFile (/usr/share/code/resources/app/out/vs/code/node/sharedProcess/sharedProcessMain.js:56:17305)
    at async a.eb (/usr/share/code/resources/app/out/vs/code/node/sharedProcess/sharedProcessMain.js:111:16362)
2024-03-27 18:32:17.717 [error] globalState: Unable to write file '/home/onalennaleso99/.config/Code/User/sync/globalState/preview/globalState.json' (Unknown (FileSystemError): Error: EFAULT: bad address in system call argument, write)
2024-03-27 18:32:18.082 [info] Extensions: No changes found during synchronizing extensions.
2024-03-27 18:32:18.131 [info] Profiles: No changes found during synchronizing profiles.
2024-03-27 18:32:18.160 [info] Sync done. Took 6252ms
2024-03-27 18:33:00.766 [info] GlobalState: Migrating last sync user data. Resource does not exist.
2024-03-27 18:33:00.768 [info] GlobalState: Last sync data state does not exist.
2024-03-27 18:33:02.773 [info] Auto Sync: Triggered by Activity
2024-03-27 18:33:02.776 [info] Sync started.
2024-03-27 18:33:03.009 [info] Settings: No changes found during synchronizing settings.
2024-03-27 18:33:03.044 [info] Keybindings: No changes found during synchronizing keybindings.
2024-03-27 18:33:03.058 [info] Snippets: No changes found during synchronizing snippets.
2024-03-27 18:33:03.084 [info] Tasks: No changes found during synchronizing tasks.
2024-03-27 18:33:03.097 [info] GlobalState: Migrating last sync user data. Resource does not exist.
2024-03-27 18:33:03.098 [info] GlobalState: Last sync data state does not exist.
2024-03-27 18:33:03.697 [error] Error: Unable to write file '/home/onalennaleso99/.config/Code/User/sync/globalState/preview/globalState.json' (Unknown (FileSystemError): Error: EFAULT: bad address in system call argument, write)
    at v.writeFile (/usr/share/code/resources/app/out/vs/code/node/sharedProcess/sharedProcessMain.js:56:17305)
    at async a.eb (/usr/share/code/resources/app/out/vs/code/node/sharedProcess/sharedProcessMain.js:111:16362)
2024-03-27 18:33:03.699 [error] globalState: Unable to write file '/home/onalennaleso99/.config/Code/User/sync/globalState/preview/globalState.json' (Unknown (FileSystemError): Error: EFAULT: bad address in system call argument, write)
2024-03-27 18:33:04.069 [info] Extensions: No changes found during synchronizing extensions.
2024-03-27 18:33:04.074 [info] Profiles: No changes found during synchronizing profiles.
2024-03-27 18:33:04.080 [info] Sync done. Took 1310ms
2024-03-27 18:33:15.616 [info] Auto Sync: Triggered by Activity
2024-03-27 18:33:15.616 [info] Sync started.
2024-03-27 18:33:15.797 [info] Settings: No changes found during synchronizing settings.
2024-03-27 18:33:15.833 [info] Keybindings: No changes found during synchronizing keybindings.
2024-03-27 18:33:15.869 [info] Snippets: No changes found during synchronizing snippets.
2024-03-27 18:33:15.901 [info] Tasks: No changes found during synchronizing tasks.
2024-03-27 18:33:15.916 [info] GlobalState: Migrating last sync user data. Resource does not exist.
2024-03-27 18:33:15.917 [info] GlobalState: Last sync data state does not exist.
2024-03-27 18:33:16.539 [error] Error: Unable to write file '/home/onalennaleso99/.config/Code/User/sync/globalState/preview/globalState.json' (Unknown (FileSystemError): Error: EFAULT: bad address in system call argument, write)
    at v.writeFile (/usr/share/code/resources/app/out/vs/code/node/sharedProcess/sharedProcessMain.js:56:17305)
    at async a.eb (/usr/share/code/resources/app/out/vs/code/node/sharedProcess/sharedProcessMain.js:111:16362)
2024-03-27 18:33:16.541 [error] globalState: Unable to write file '/home/onalennaleso99/.config/Code/User/sync/globalState/preview/globalState.json' (Unknown (FileSystemError): Error: EFAULT: bad address in system call argument, write)
2024-03-27 18:33:16.921 [info] Extensions: No changes found during synchronizing extensions.
2024-03-27 18:33:16.931 [info] Profiles: No changes found during synchronizing profiles.
2024-03-27 18:33:16.946 [info] Sync done. Took 1329ms
2024-03-27 18:38:16.990 [info] Auto Sync: Triggered by Interval
2024-03-27 18:38:16.991 [info] Sync started.
2024-03-27 18:38:17.812 [info] Settings: No changes found during synchronizing settings.
2024-03-27 18:38:17.873 [info] Keybindings: No changes found during synchronizing keybindings.
2024-03-27 18:38:17.910 [info] Snippets: No changes found during synchronizing snippets.
2024-03-27 18:38:17.945 [info] Tasks: No changes found during synchronizing tasks.
2024-03-27 18:38:17.962 [info] GlobalState: Migrating last sync user data. Resource does not exist.
2024-03-27 18:38:17.963 [info] GlobalState: Last sync data state does not exist.
2024-03-27 18:38:18.504 [error] Error: Unable to write file '/home/onalennaleso99/.config/Code/User/sync/globalState/preview/globalState.json' (Unknown (FileSystemError): Error: EFAULT: bad address in system call argument, write)
    at v.writeFile (/usr/share/code/resources/app/out/vs/code/node/sharedProcess/sharedProcessMain.js:56:17305)
    at async a.eb (/usr/share/code/resources/app/out/vs/code/node/sharedProcess/sharedProcessMain.js:111:16362)
2024-03-27 18:38:18.506 [error] globalState: Unable to write file '/home/onalennaleso99/.config/Code/User/sync/globalState/preview/globalState.json' (Unknown (FileSystemError): Error: EFAULT: bad address in system call argument, write)
2024-03-27 18:38:19.089 [info] Extensions: No changes found during synchronizing extensions.
2024-03-27 18:38:19.098 [info] Profiles: No changes found during synchronizing profiles.
2024-03-27 18:38:19.107 [info] Sync done. Took 2121ms
2024-03-27 18:43:19.135 [info] Auto Sync: Triggered by Interval
2024-03-27 18:43:19.138 [info] Sync started.
2024-03-27 18:43:19.837 [info] Settings: No changes found during synchronizing settings.
2024-03-27 18:43:19.872 [info] Keybindings: No changes found during synchronizing keybindings.
2024-03-27 18:43:19.914 [info] Snippets: No changes found during synchronizing snippets.
2024-03-27 18:43:19.929 [info] Tasks: No changes found during synchronizing tasks.
2024-03-27 18:43:19.944 [info] GlobalState: Migrating last sync user data. Resource does not exist.
2024-03-27 18:43:19.945 [info] GlobalState: Last sync data state does not exist.
2024-03-27 18:43:20.520 [error] Error: Unable to write file '/home/onalennaleso99/.config/Code/User/sync/globalState/preview/globalState.json' (Unknown (FileSystemError): Error: EFAULT: bad address in system call argument, write)
    at v.writeFile (/usr/share/code/resources/app/out/vs/code/node/sharedProcess/sharedProcessMain.js:56:17305)
    at async a.eb (/usr/share/code/resources/app/out/vs/code/node/sharedProcess/sharedProcessMain.js:111:16362)
2024-03-27 18:43:20.522 [error] globalState: Unable to write file '/home/onalennaleso99/.config/Code/User/sync/globalState/preview/globalState.json' (Unknown (FileSystemError): Error: EFAULT: bad address in system call argument, write)
2024-03-27 18:43:21.022 [info] Extensions: No changes found during synchronizing extensions.
2024-03-27 18:43:21.040 [info] Profiles: No changes found during synchronizing profiles.
2024-03-27 18:43:21.049 [info] Sync done. Took 1917ms
2024-03-27 18:48:21.082 [info] Auto Sync: Triggered by Interval
2024-03-27 18:48:21.083 [info] Sync started.
2024-03-27 18:48:21.649 [info] Settings: No changes found during synchronizing settings.
2024-03-27 18:48:21.685 [info] Keybindings: No changes found during synchronizing keybindings.
2024-03-27 18:48:21.714 [info] Snippets: No changes found during synchronizing snippets.
2024-03-27 18:48:21.737 [info] Tasks: No changes found during synchronizing tasks.
2024-03-27 18:48:21.753 [info] GlobalState: Migrating last sync user data. Resource does not exist.
2024-03-27 18:48:21.755 [info] GlobalState: Last sync data state does not exist.
2024-03-27 18:48:22.322 [error] Error: Unable to write file '/home/onalennaleso99/.config/Code/User/sync/globalState/preview/globalState.json' (Unknown (FileSystemError): Error: EFAULT: bad address in system call argument, write)
    at v.writeFile (/usr/share/code/resources/app/out/vs/code/node/sharedProcess/sharedProcessMain.js:56:17305)
    at async a.eb (/usr/share/code/resources/app/out/vs/code/node/sharedProcess/sharedProcessMain.js:111:16362)
2024-03-27 18:48:22.324 [error] globalState: Unable to write file '/home/onalennaleso99/.config/Code/User/sync/globalState/preview/globalState.json' (Unknown (FileSystemError): Error: EFAULT: bad address in system call argument, write)
2024-03-27 18:48:22.763 [info] Extensions: No changes found during synchronizing extensions.
2024-03-27 18:48:22.773 [info] Profiles: No changes found during synchronizing profiles.
2024-03-27 18:48:22.785 [info] Sync done. Took 1709ms
2024-03-27 18:51:12.900 [info] Auto Sync: Triggered by Activity
2024-03-27 18:51:12.912 [info] Sync started.
2024-03-27 18:51:13.142 [info] GlobalState: Migrating last sync user data. Resource does not exist.
2024-03-27 18:51:13.144 [info] GlobalState: Last sync data state does not exist.
2024-03-27 18:51:14.101 [info] Settings: No changes found during synchronizing settings.
2024-03-27 18:51:14.546 [info] Keybindings: No changes found during synchronizing keybindings.
2024-03-27 18:51:14.700 [info] Snippets: No changes found during synchronizing snippets.
2024-03-27 18:51:14.764 [info] Tasks: No changes found during synchronizing tasks.
2024-03-27 18:51:14.940 [info] GlobalState: Migrating last sync user data. Resource does not exist.
2024-03-27 18:51:14.944 [info] GlobalState: Last sync data state does not exist.
2024-03-27 18:51:16.876 [error] Error: Unable to write file '/home/onalennaleso99/.config/Code/User/sync/globalState/preview/globalState.json' (Unknown (FileSystemError): Error: EFAULT: bad address in system call argument, write)
    at v.writeFile (/usr/share/code/resources/app/out/vs/code/node/sharedProcess/sharedProcessMain.js:56:17305)
    at async a.eb (/usr/share/code/resources/app/out/vs/code/node/sharedProcess/sharedProcessMain.js:111:16362)
2024-03-27 18:51:16.905 [error] globalState: Unable to write file '/home/onalennaleso99/.config/Code/User/sync/globalState/preview/globalState.json' (Unknown (FileSystemError): Error: EFAULT: bad address in system call argument, write)
2024-03-27 18:51:18.357 [info] Extensions: No changes found during synchronizing extensions.
2024-03-27 18:51:18.384 [info] Profiles: No changes found during synchronizing profiles.
2024-03-27 18:51:18.401 [info] Sync done. Took 5522ms
2024-03-27 18:51:18.403 [info] Auto Sync: Triggered by Activity
2024-03-27 18:51:18.404 [info] Sync started.
2024-03-27 18:51:18.734 [info] Settings: No changes found during synchronizing settings.
2024-03-27 18:51:18.832 [info] Keybindings: No changes found during synchronizing keybindings.
2024-03-27 18:51:19.219 [info] Snippets: No changes found during synchronizing snippets.
2024-03-27 18:51:19.435 [info] Tasks: No changes found during synchronizing tasks.
2024-03-27 18:51:19.555 [info] GlobalState: Migrating last sync user data. Resource does not exist.
2024-03-27 18:51:19.557 [info] GlobalState: Last sync data state does not exist.
2024-03-27 18:51:20.041 [error] Error: Unable to write file '/home/onalennaleso99/.config/Code/User/sync/globalState/preview/globalState.json' (Unknown (FileSystemError): Error: EFAULT: bad address in system call argument, write)
    at v.writeFile (/usr/share/code/resources/app/out/vs/code/node/sharedProcess/sharedProcessMain.js:56:17305)
    at async a.eb (/usr/share/code/resources/app/out/vs/code/node/sharedProcess/sharedProcessMain.js:111:16362)
2024-03-27 18:51:20.042 [error] globalState: Unable to write file '/home/onalennaleso99/.config/Code/User/sync/globalState/preview/globalState.json' (Unknown (FileSystemError): Error: EFAULT: bad address in system call argument, write)
2024-03-27 18:51:20.250 [info] Extensions: No changes found during synchronizing extensions.
2024-03-27 18:51:20.258 [info] Profiles: No changes found during synchronizing profiles.
2024-03-27 18:51:20.266 [info] Sync done. Took 1862ms
2024-03-27 18:51:24.381 [info] GlobalState: Migrating last sync user data. Resource does not exist.
2024-03-27 18:51:24.383 [info] GlobalState: Last sync data state does not exist.
2024-03-27 18:51:26.363 [info] Auto Sync: Triggered by Activity
2024-03-27 18:51:26.371 [info] Sync started.
2024-03-27 18:51:26.704 [info] Settings: No changes found during synchronizing settings.
2024-03-27 18:51:26.745 [info] Keybindings: No changes found during synchronizing keybindings.
2024-03-27 18:51:26.790 [info] Snippets: No changes found during synchronizing snippets.
2024-03-27 18:51:26.822 [info] Tasks: No changes found during synchronizing tasks.
2024-03-27 18:51:26.842 [info] GlobalState: Migrating last sync user data. Resource does not exist.
2024-03-27 18:51:26.845 [info] GlobalState: Last sync data state does not exist.
2024-03-27 18:51:27.485 [error] Error: Unable to write file '/home/onalennaleso99/.config/Code/User/sync/globalState/preview/globalState.json' (Unknown (FileSystemError): Error: EFAULT: bad address in system call argument, write)
    at v.writeFile (/usr/share/code/resources/app/out/vs/code/node/sharedProcess/sharedProcessMain.js:56:17305)
    at async a.eb (/usr/share/code/resources/app/out/vs/code/node/sharedProcess/sharedProcessMain.js:111:16362)
2024-03-27 18:51:27.486 [error] globalState: Unable to write file '/home/onalennaleso99/.config/Code/User/sync/globalState/preview/globalState.json' (Unknown (FileSystemError): Error: EFAULT: bad address in system call argument, write)
2024-03-27 18:51:27.909 [info] Extensions: No changes found during synchronizing extensions.
2024-03-27 18:51:27.919 [info] Profiles: No changes found during synchronizing profiles.
2024-03-27 18:51:27.931 [info] Sync done. Took 1570ms
2024-03-27 18:56:28.023 [info] Auto Sync: Triggered by Interval
2024-03-27 18:56:28.047 [info] Sync started.
2024-03-27 18:56:28.782 [info] Settings: No changes found during synchronizing settings.
2024-03-27 18:56:28.835 [info] Keybindings: No changes found during synchronizing keybindings.
2024-03-27 18:56:28.872 [info] Snippets: No changes found during synchronizing snippets.
2024-03-27 18:56:28.903 [info] Tasks: No changes found during synchronizing tasks.
2024-03-27 18:56:28.916 [info] GlobalState: Migrating last sync user data. Resource does not exist.
2024-03-27 18:56:28.918 [info] GlobalState: Last sync data state does not exist.
2024-03-27 18:56:29.481 [error] Error: Unable to write file '/home/onalennaleso99/.config/Code/User/sync/globalState/preview/globalState.json' (Unknown (FileSystemError): Error: EFAULT: bad address in system call argument, write)
    at v.writeFile (/usr/share/code/resources/app/out/vs/code/node/sharedProcess/sharedProcessMain.js:56:17305)
    at async a.eb (/usr/share/code/resources/app/out/vs/code/node/sharedProcess/sharedProcessMain.js:111:16362)
2024-03-27 18:56:29.482 [error] globalState: Unable to write file '/home/onalennaleso99/.config/Code/User/sync/globalState/preview/globalState.json' (Unknown (FileSystemError): Error: EFAULT: bad address in system call argument, write)
2024-03-27 18:56:29.774 [info] Extensions: No changes found during synchronizing extensions.
2024-03-27 18:56:29.783 [info] Profiles: No changes found during synchronizing profiles.
2024-03-27 18:56:29.788 [info] Sync done. Took 1803ms
