2024-02-21 20:28:46.131 [info] Added views:workbench.panel.markers.view in workbench.panel.markers
2024-02-21 20:28:46.131 [info] Added views:workbench.panel.output in workbench.panel.output
2024-02-21 20:28:46.131 [info] Added views:terminal in terminal
2024-02-21 20:28:46.131 [info] Added views:outline in workbench.view.explorer
2024-02-21 20:28:46.131 [info] Added views:workbench.scm in workbench.view.scm
2024-02-21 20:28:46.131 [info] Added views:workbench.view.search in workbench.view.search
2024-02-21 20:28:46.131 [info] Added views:timeline in workbench.view.explorer
2024-02-21 20:28:46.131 [info] Added views:workbench.explorer.openEditorsView,workbench.explorer.fileView in workbench.view.explorer
2024-02-21 20:28:46.826 [info] Added views:workbench.debug.variablesView,workbench.debug.watchExpressionsView,workbench.debug.callStackView,workbench.debug.breakPointsView in workbench.view.debug
2024-02-21 20:28:50.172 [info] Added views:workbench.panel.repl.view in workbench.panel.repl
2024-02-21 20:28:56.773 [info] Added views:~remote.forwardedPorts in ~remote.forwardedPortsContainer
2024-02-21 20:33:00.836 [info] Added views:workbench.views.extensions.installed,workbench.views.extensions.popular,extensions.recommendedList in workbench.view.extensions
2024-02-21 20:33:00.848 [info] Removed views:workbench.views.extensions.popular from workbench.view.extensions
2024-02-21 21:01:04.049 [info] Removed views:workbench.explorer.openEditorsView from workbench.view.explorer
2024-02-21 21:01:07.267 [info] Removed views:outline from workbench.view.explorer
2024-02-21 21:01:11.422 [info] Removed views:timeline from workbench.view.explorer
2024-02-21 21:01:15.342 [info] Showing view outline in the container workbench.view.explorer
2024-02-21 21:01:15.347 [info] Added views:outline in workbench.view.explorer
2024-02-21 21:08:48.842 [info] Showing view workbench.explorer.openEditorsView in the container workbench.view.explorer
2024-02-21 21:08:48.920 [info] Added views:workbench.explorer.openEditorsView in workbench.view.explorer
