2024-03-27 18:29:44.410 [info] Added views:workbench.panel.markers.view in workbench.panel.markers
2024-03-27 18:29:44.411 [info] Added views:workbench.panel.output in workbench.panel.output
2024-03-27 18:29:44.411 [info] Added views:terminal in terminal
2024-03-27 18:29:44.411 [info] Added views:outline in workbench.view.explorer
2024-03-27 18:29:44.411 [info] Added views:workbench.scm in workbench.view.scm
2024-03-27 18:29:44.411 [info] Added views:workbench.view.search in workbench.view.search
2024-03-27 18:29:44.411 [info] Added views:workbench.explorer.openEditorsView,workbench.explorer.fileView in workbench.view.explorer
2024-03-27 18:29:45.557 [info] Added views:workbench.debug.variablesView,workbench.debug.watchExpressionsView,workbench.debug.callStackView,workbench.debug.breakPointsView in workbench.view.debug
2024-03-27 18:29:48.637 [info] Added views:workbench.panel.repl.view in workbench.panel.repl
2024-03-27 18:29:51.113 [info] Added views:~remote.forwardedPorts in ~remote.forwardedPortsContainer
2024-03-27 18:32:00.245 [info] Added views:workbench.views.extensions.installed,workbench.views.extensions.popular,extensions.recommendedList in workbench.view.extensions
2024-03-27 18:32:00.255 [info] Removed views:workbench.views.extensions.popular from workbench.view.extensions
2024-03-27 18:32:09.622 [info] Added views:workbench.panel.markers.view in workbench.panel.markers
2024-03-27 18:32:09.622 [info] Added views:workbench.panel.output in workbench.panel.output
2024-03-27 18:32:09.622 [info] Added views:terminal in terminal
2024-03-27 18:32:09.622 [info] Added views:outline in workbench.view.explorer
2024-03-27 18:32:09.622 [info] Added views:workbench.scm in workbench.view.scm
2024-03-27 18:32:09.622 [info] Added views:workbench.view.search in workbench.view.search
2024-03-27 18:32:09.622 [info] Added views:workbench.explorer.openEditorsView,workbench.explorer.fileView in workbench.view.explorer
2024-03-27 18:32:09.896 [info] Added views:workbench.debug.variablesView,workbench.debug.watchExpressionsView,workbench.debug.callStackView,workbench.debug.breakPointsView in workbench.view.debug
2024-03-27 18:32:11.952 [info] Added views:workbench.panel.repl.view in workbench.panel.repl
2024-03-27 18:32:12.561 [info] Added views:~remote.forwardedPorts in ~remote.forwardedPortsContainer
2024-03-27 18:32:13.200 [info] Added views:workbench.views.extensions.installed,extensions.recommendedList in workbench.view.extensions
