2024-03-27 20:34:52.761 [info] Extension host with pid 479 started
2024-03-27 20:34:52.761 [info] Skipping acquiring lock for /home/onalennaleso99/.config/Code/User/workspaceStorage/94f376c4d3a40ae3ffe629872b9c3f39.
2024-03-27 20:34:53.085 [info] ExtensionService#_doActivateExtension vscode.emmet, startup: false, activationEvent: 'onLanguage'
2024-03-27 20:34:53.156 [info] ExtensionService#_doActivateExtension vscode.html-language-features, startup: false, activationEvent: 'onLanguage:html'
2024-03-27 20:34:53.939 [info] ExtensionService#_doActivateExtension vscode.github-authentication, startup: false, activationEvent: 'onAuthenticationRequest:github'
2024-03-27 20:34:54.056 [info] ExtensionService#_doActivateExtension vscode.microsoft-authentication, startup: false, activationEvent: 'onAuthenticationRequest:microsoft'
2024-03-27 20:34:54.167 [info] ExtensionService#_doActivateExtension vscode.git-base, startup: true, activationEvent: '*', root cause: vscode.git
2024-03-27 20:34:54.432 [info] ExtensionService#_doActivateExtension vscode.git, startup: true, activationEvent: '*'
2024-03-27 20:34:54.612 [info] ExtensionService#_doActivateExtension vscode.github, startup: true, activationEvent: '*'
2024-03-27 20:34:55.300 [info] Eager extensions activated
2024-03-27 20:34:55.773 [info] ExtensionService#_doActivateExtension vscode.debug-auto-launch, startup: false, activationEvent: 'onStartupFinished'
2024-03-27 20:34:55.832 [info] ExtensionService#_doActivateExtension vscode.merge-conflict, startup: false, activationEvent: 'onStartupFinished'
2024-03-27 20:34:55.933 [info] ExtensionService#_doActivateExtension esbenp.prettier-vscode, startup: false, activationEvent: 'onStartupFinished'
2024-03-27 20:34:58.418 [info] ExtensionService#_doActivateExtension vscode.json-language-features, startup: false, activationEvent: 'onLanguage:jsonc'
2024-03-27 20:34:58.497 [info] ExtensionService#_doActivateExtension vscode.typescript-language-features, startup: false, activationEvent: 'onLanguage:jsonc'
2024-03-27 20:39:40.696 [info] Extension host terminating: renderer closed the MessagePort
2024-03-27 20:39:40.884 [error] Canceled: Canceled
	at new $ (/usr/share/code/resources/app/out/vs/workbench/api/node/extensionHostProcess.js:140:45885)
	at s.U (/usr/share/code/resources/app/out/vs/workbench/api/node/extensionHostProcess.js:147:5556)
	at z.<computed>.T.charCodeAt.z.<computed> (/usr/share/code/resources/app/out/vs/workbench/api/node/extensionHostProcess.js:147:3007)
	at l.g (/usr/share/code/resources/app/out/vs/workbench/api/node/extensionHostProcess.js:150:184300)
	at l.executeCommand (/usr/share/code/resources/app/out/vs/workbench/api/node/extensionHostProcess.js:150:183738)
	at f.registerCommand.description (/usr/share/code/resources/app/out/vs/workbench/api/node/extensionHostProcess.js:150:183062)
	at l.h (/usr/share/code/resources/app/out/vs/workbench/api/node/extensionHostProcess.js:150:184839)
	at l.g (/usr/share/code/resources/app/out/vs/workbench/api/node/extensionHostProcess.js:150:183831)
	at l.executeCommand (/usr/share/code/resources/app/out/vs/workbench/api/node/extensionHostProcess.js:150:183738)
	at Object.executeCommand (/usr/share/code/resources/app/out/vs/workbench/api/node/extensionHostProcess.js:160:21654)
	at w.O [as value] (/usr/share/code/resources/app/extensions/git/dist/main.js:2:943479)
	at n.y (/usr/share/code/resources/app/out/vs/workbench/api/node/extensionHostProcess.js:80:1902)
	at n.z (/usr/share/code/resources/app/out/vs/workbench/api/node/extensionHostProcess.js:80:1972)
	at n.fire (/usr/share/code/resources/app/out/vs/workbench/api/node/extensionHostProcess.js:80:2188)
	at Object.m [as dispose] (/usr/share/code/resources/app/extensions/git/dist/main.js:2:962791)
	at /usr/share/code/resources/app/extensions/git/dist/main.js:2:968825
	at Array.forEach (<anonymous>)
	at f.dispose (/usr/share/code/resources/app/extensions/git/dist/main.js:2:968811)
	at u.<anonymous> (/usr/share/code/resources/app/out/vs/workbench/api/node/extensionHostProcess.js:148:3704)
	at u.dispose (/usr/share/code/resources/app/out/vs/workbench/api/node/extensionHostProcess.js:148:3801)
	at u.<anonymous> (/usr/share/code/resources/app/extensions/git/dist/main.js:2:945736)
	at u.dispose (/usr/share/code/resources/app/out/vs/workbench/api/node/extensionHostProcess.js:148:3801)
	at o (/usr/share/code/resources/app/out/vs/workbench/api/node/extensionHostProcess.js:30:754)
	at w.cb (/usr/share/code/resources/app/out/vs/workbench/api/node/extensionHostProcess.js:156:9882)
	at /usr/share/code/resources/app/out/vs/workbench/api/node/extensionHostProcess.js:156:7816
	at Array.map (<anonymous>)
	at w.Y (/usr/share/code/resources/app/out/vs/workbench/api/node/extensionHostProcess.js:156:7803)
	at w.terminate (/usr/share/code/resources/app/out/vs/workbench/api/node/extensionHostProcess.js:156:8076)
	at o.terminate (/usr/share/code/resources/app/out/vs/workbench/api/node/extensionHostProcess.js:160:1513)
	at t (/usr/share/code/resources/app/out/vs/workbench/api/node/extensionHostProcess.js:173:9949)
	at MessagePortMain.<anonymous> (/usr/share/code/resources/app/out/vs/workbench/api/node/extensionHostProcess.js:173:6374)
	at MessagePortMain.emit (node:events:514:28)
	at Object.emit (node:electron/js2c/utility_init:2:2285) setContext undefined
2024-03-27 20:39:40.885 [error] Canceled: Canceled
	at new $ (/usr/share/code/resources/app/out/vs/workbench/api/node/extensionHostProcess.js:140:45885)
	at s.U (/usr/share/code/resources/app/out/vs/workbench/api/node/extensionHostProcess.js:147:5556)
	at z.<computed>.T.charCodeAt.z.<computed> (/usr/share/code/resources/app/out/vs/workbench/api/node/extensionHostProcess.js:147:3007)
	at l.g (/usr/share/code/resources/app/out/vs/workbench/api/node/extensionHostProcess.js:150:184300)
	at l.executeCommand (/usr/share/code/resources/app/out/vs/workbench/api/node/extensionHostProcess.js:150:183738)
	at f.registerCommand.description (/usr/share/code/resources/app/out/vs/workbench/api/node/extensionHostProcess.js:150:183062)
	at l.h (/usr/share/code/resources/app/out/vs/workbench/api/node/extensionHostProcess.js:150:184839)
	at l.g (/usr/share/code/resources/app/out/vs/workbench/api/node/extensionHostProcess.js:150:183831)
	at l.executeCommand (/usr/share/code/resources/app/out/vs/workbench/api/node/extensionHostProcess.js:150:183738)
	at Object.executeCommand (/usr/share/code/resources/app/out/vs/workbench/api/node/extensionHostProcess.js:160:21654)
	at set hasGitHubRepositories [as hasGitHubRepositories] (/usr/share/code/resources/app/extensions/github/dist/extension.js:2:325214)
	at /usr/share/code/resources/app/extensions/github/dist/extension.js:2:326173
	at w.value (/usr/share/code/resources/app/extensions/git/dist/main.js:2:1050811)
	at n.y (/usr/share/code/resources/app/out/vs/workbench/api/node/extensionHostProcess.js:80:1902)
	at n.z (/usr/share/code/resources/app/out/vs/workbench/api/node/extensionHostProcess.js:80:1972)
	at n.fire (/usr/share/code/resources/app/out/vs/workbench/api/node/extensionHostProcess.js:80:2188)
	at Object.m [as dispose] (/usr/share/code/resources/app/extensions/git/dist/main.js:2:962791)
	at /usr/share/code/resources/app/extensions/git/dist/main.js:2:968825
	at Array.forEach (<anonymous>)
	at f.dispose (/usr/share/code/resources/app/extensions/git/dist/main.js:2:968811)
	at u.<anonymous> (/usr/share/code/resources/app/out/vs/workbench/api/node/extensionHostProcess.js:148:3704)
	at u.dispose (/usr/share/code/resources/app/out/vs/workbench/api/node/extensionHostProcess.js:148:3801)
	at u.<anonymous> (/usr/share/code/resources/app/extensions/git/dist/main.js:2:945736)
	at u.dispose (/usr/share/code/resources/app/out/vs/workbench/api/node/extensionHostProcess.js:148:3801)
	at o (/usr/share/code/resources/app/out/vs/workbench/api/node/extensionHostProcess.js:30:754)
	at w.cb (/usr/share/code/resources/app/out/vs/workbench/api/node/extensionHostProcess.js:156:9882)
	at /usr/share/code/resources/app/out/vs/workbench/api/node/extensionHostProcess.js:156:7816
	at Array.map (<anonymous>)
	at w.Y (/usr/share/code/resources/app/out/vs/workbench/api/node/extensionHostProcess.js:156:7803)
	at w.terminate (/usr/share/code/resources/app/out/vs/workbench/api/node/extensionHostProcess.js:156:8076)
	at o.terminate (/usr/share/code/resources/app/out/vs/workbench/api/node/extensionHostProcess.js:160:1513)
	at t (/usr/share/code/resources/app/out/vs/workbench/api/node/extensionHostProcess.js:173:9949)
	at MessagePortMain.<anonymous> (/usr/share/code/resources/app/out/vs/workbench/api/node/extensionHostProcess.js:173:6374)
	at MessagePortMain.emit (node:events:514:28)
	at Object.emit (node:electron/js2c/utility_init:2:2285) setContext undefined
2024-03-27 20:39:40.905 [info] Extension host with pid 479 exiting with code 0
2024-03-27 20:39:45.630 [info] Extension host with pid 1509 started
2024-03-27 20:39:45.630 [info] Skipping acquiring lock for /home/onalennaleso99/.config/Code/User/workspaceStorage/f95e0cbf45ed1edce883a6763c3b327b.
2024-03-27 20:39:46.074 [info] ExtensionService#_doActivateExtension vscode.github-authentication, startup: false, activationEvent: 'onAuthenticationRequest:github'
2024-03-27 20:39:46.274 [info] ExtensionService#_doActivateExtension vscode.microsoft-authentication, startup: false, activationEvent: 'onAuthenticationRequest:microsoft'
2024-03-27 20:39:46.734 [info] ExtensionService#_doActivateExtension vscode.git-base, startup: true, activationEvent: '*', root cause: vscode.git
2024-03-27 20:39:46.788 [info] ExtensionService#_doActivateExtension vscode.git, startup: true, activationEvent: '*'
2024-03-27 20:39:47.089 [info] ExtensionService#_doActivateExtension vscode.github, startup: true, activationEvent: '*'
2024-03-27 20:39:47.324 [info] Eager extensions activated
2024-03-27 20:39:47.445 [info] ExtensionService#_doActivateExtension vscode.debug-auto-launch, startup: false, activationEvent: 'onStartupFinished'
2024-03-27 20:39:47.465 [info] ExtensionService#_doActivateExtension vscode.merge-conflict, startup: false, activationEvent: 'onStartupFinished'
2024-03-27 20:39:47.495 [info] ExtensionService#_doActivateExtension esbenp.prettier-vscode, startup: false, activationEvent: 'onStartupFinished'
2024-03-27 20:40:37.195 [info] ExtensionService#_doActivateExtension vscode.css-language-features, startup: false, activationEvent: 'onLanguage:css'
2024-03-27 20:40:37.313 [info] ExtensionService#_doActivateExtension vscode.emmet, startup: false, activationEvent: 'onLanguage'
2024-03-27 20:42:52.627 [info] ExtensionService#_doActivateExtension vscode.html-language-features, startup: false, activationEvent: 'onLanguage:html'
2024-03-27 20:49:03.655 [warning] [Decorations] CAPPING events from decorations provider vscode.git 2244
2024-03-27 20:49:05.347 [warning] [Decorations] CAPPING events from decorations provider vscode.git 2245
2024-03-27 20:49:08.029 [warning] [Decorations] CAPPING events from decorations provider vscode.git 2245
2024-03-27 20:49:13.297 [warning] [Decorations] CAPPING events from decorations provider vscode.git 2246
2024-03-27 20:49:18.574 [warning] [Decorations] CAPPING events from decorations provider vscode.git 2246
2024-03-27 20:49:23.812 [warning] [Decorations] CAPPING events from decorations provider vscode.git 2246
2024-03-27 20:49:29.121 [warning] [Decorations] CAPPING events from decorations provider vscode.git 2246
2024-03-27 20:49:34.339 [warning] [Decorations] CAPPING events from decorations provider vscode.git 2246
2024-03-27 20:49:39.563 [warning] [Decorations] CAPPING events from decorations provider vscode.git 2246
2024-03-27 20:49:44.880 [warning] [Decorations] CAPPING events from decorations provider vscode.git 2246
2024-03-27 20:49:50.125 [warning] [Decorations] CAPPING events from decorations provider vscode.git 2246
2024-03-27 20:49:55.391 [warning] [Decorations] CAPPING events from decorations provider vscode.git 2246
2024-03-27 20:50:00.705 [warning] [Decorations] CAPPING events from decorations provider vscode.git 2246
2024-03-27 20:50:05.932 [warning] [Decorations] CAPPING events from decorations provider vscode.git 2246
2024-03-27 20:50:16.882 [warning] [Decorations] CAPPING events from decorations provider vscode.git 2246
2024-03-27 20:50:36.843 [warning] [Decorations] CAPPING events from decorations provider vscode.git 2244
2024-03-27 20:50:42.134 [warning] [Decorations] CAPPING events from decorations provider vscode.git 2244
2024-03-27 20:50:47.451 [warning] [Decorations] CAPPING events from decorations provider vscode.git 2244
2024-03-27 20:50:52.742 [warning] [Decorations] CAPPING events from decorations provider vscode.git 2245
2024-03-27 20:50:58.042 [warning] [Decorations] CAPPING events from decorations provider vscode.git 2245
2024-03-27 20:51:03.376 [warning] [Decorations] CAPPING events from decorations provider vscode.git 2245
2024-03-27 20:51:08.680 [warning] [Decorations] CAPPING events from decorations provider vscode.git 2246
2024-03-27 20:51:13.950 [warning] [Decorations] CAPPING events from decorations provider vscode.git 2247
2024-03-27 20:51:19.184 [warning] [Decorations] CAPPING events from decorations provider vscode.git 2247
2024-03-27 20:51:24.468 [warning] [Decorations] CAPPING events from decorations provider vscode.git 2247
2024-03-27 20:51:29.699 [warning] [Decorations] CAPPING events from decorations provider vscode.git 2247
2024-03-27 20:51:34.973 [warning] [Decorations] CAPPING events from decorations provider vscode.git 2247
2024-03-27 20:51:40.235 [warning] [Decorations] CAPPING events from decorations provider vscode.git 2247
2024-03-27 20:51:45.552 [warning] [Decorations] CAPPING events from decorations provider vscode.git 2247
2024-03-27 20:51:50.847 [warning] [Decorations] CAPPING events from decorations provider vscode.git 2247
2024-03-27 20:51:56.123 [warning] [Decorations] CAPPING events from decorations provider vscode.git 2247
2024-03-27 20:52:01.381 [warning] [Decorations] CAPPING events from decorations provider vscode.git 2247
2024-03-27 20:52:06.713 [warning] [Decorations] CAPPING events from decorations provider vscode.git 2247
2024-03-27 20:52:12.030 [warning] [Decorations] CAPPING events from decorations provider vscode.git 2247
2024-03-27 20:52:17.203 [warning] [Decorations] CAPPING events from decorations provider vscode.git 2247
2024-03-27 20:52:22.513 [warning] [Decorations] CAPPING events from decorations provider vscode.git 2247
2024-03-27 20:52:27.763 [warning] [Decorations] CAPPING events from decorations provider vscode.git 2247
2024-03-27 20:54:13.321 [warning] [Decorations] CAPPING events from decorations provider vscode.git 2248
2024-03-27 20:54:24.839 [warning] [Decorations] CAPPING events from decorations provider vscode.git 2248
2024-03-27 20:54:30.059 [warning] [Decorations] CAPPING events from decorations provider vscode.git 2248
2024-03-27 20:56:38.047 [warning] [Decorations] CAPPING events from decorations provider vscode.git 2249
