2024-03-27 20:34:48.209 [info] Added views:workbench.panel.markers.view in workbench.panel.markers
2024-03-27 20:34:48.221 [info] Added views:workbench.panel.output in workbench.panel.output
2024-03-27 20:34:48.221 [info] Added views:terminal in terminal
2024-03-27 20:34:48.221 [info] Added views:outline in workbench.view.explorer
2024-03-27 20:34:48.222 [info] Added views:workbench.scm in workbench.view.scm
2024-03-27 20:34:48.222 [info] Added views:workbench.view.search in workbench.view.search
2024-03-27 20:34:48.222 [info] Added views:workbench.explorer.openEditorsView,workbench.explorer.fileView in workbench.view.explorer
2024-03-27 20:34:48.993 [info] Added views:workbench.debug.variablesView,workbench.debug.watchExpressionsView,workbench.debug.callStackView,workbench.debug.breakPointsView in workbench.view.debug
2024-03-27 20:34:53.091 [info] Added views:workbench.panel.repl.view in workbench.panel.repl
2024-03-27 20:34:53.385 [info] Added views:~remote.forwardedPorts in ~remote.forwardedPortsContainer
2024-03-27 20:39:43.570 [info] Added views:workbench.panel.markers.view in workbench.panel.markers
2024-03-27 20:39:43.570 [info] Added views:workbench.panel.output in workbench.panel.output
2024-03-27 20:39:43.570 [info] Added views:terminal in terminal
2024-03-27 20:39:43.570 [info] Added views:outline in workbench.view.explorer
2024-03-27 20:39:43.570 [info] Added views:workbench.scm in workbench.view.scm
2024-03-27 20:39:43.570 [info] Added views:workbench.view.search in workbench.view.search
2024-03-27 20:39:43.570 [info] Added views:workbench.explorer.openEditorsView,workbench.explorer.fileView in workbench.view.explorer
2024-03-27 20:39:44.552 [info] Added views:workbench.debug.variablesView,workbench.debug.watchExpressionsView,workbench.debug.callStackView,workbench.debug.breakPointsView in workbench.view.debug
2024-03-27 20:39:44.902 [info] Added views:~remote.forwardedPorts in ~remote.forwardedPortsContainer
2024-03-27 20:39:46.080 [info] Added views:workbench.panel.repl.view in workbench.panel.repl
2024-03-27 20:39:46.106 [info] Removed views:workbench.debug.breakPointsView,workbench.debug.callStackView,workbench.debug.watchExpressionsView,workbench.debug.variablesView from workbench.view.debug
2024-03-27 20:39:46.108 [info] Added views:workbench.debug.welcome in workbench.view.debug
