2024-03-28 08:22:08.518 [info] Added views:workbench.panel.markers.view in workbench.panel.markers
2024-03-28 08:22:08.518 [info] Added views:workbench.panel.output in workbench.panel.output
2024-03-28 08:22:08.518 [info] Added views:terminal in terminal
2024-03-28 08:22:08.518 [info] Added views:outline in workbench.view.explorer
2024-03-28 08:22:08.519 [info] Added views:workbench.scm in workbench.view.scm
2024-03-28 08:22:08.519 [info] Added views:workbench.view.search in workbench.view.search
2024-03-28 08:22:08.519 [info] Added views:workbench.explorer.openEditorsView,workbench.explorer.fileView in workbench.view.explorer
2024-03-28 08:22:09.554 [info] Added views:workbench.debug.welcome in workbench.view.debug
2024-03-28 08:22:10.562 [info] Added views:workbench.panel.repl.view in workbench.panel.repl
2024-03-28 08:22:11.766 [info] Added views:~remote.forwardedPorts in ~remote.forwardedPortsContainer
2024-03-28 09:27:18.119 [info] Added views:workbench.panel.markers.view in workbench.panel.markers
2024-03-28 09:27:18.120 [info] Added views:workbench.panel.output in workbench.panel.output
2024-03-28 09:27:18.120 [info] Added views:terminal in terminal
2024-03-28 09:27:18.120 [info] Added views:outline in workbench.view.explorer
2024-03-28 09:27:18.120 [info] Added views:workbench.scm in workbench.view.scm
2024-03-28 09:27:18.120 [info] Added views:workbench.view.search in workbench.view.search
2024-03-28 09:27:18.120 [info] Added views:workbench.explorer.openEditorsView,workbench.explorer.fileView in workbench.view.explorer
2024-03-28 09:27:19.099 [info] Added views:workbench.debug.variablesView,workbench.debug.watchExpressionsView,workbench.debug.callStackView,workbench.debug.breakPointsView in workbench.view.debug
2024-03-28 09:27:19.272 [info] Added views:~remote.forwardedPorts in ~remote.forwardedPortsContainer
2024-03-28 09:27:20.802 [info] Added views:workbench.panel.repl.view in workbench.panel.repl
2024-03-28 09:27:20.809 [info] Removed views:workbench.debug.breakPointsView,workbench.debug.callStackView,workbench.debug.watchExpressionsView,workbench.debug.variablesView from workbench.view.debug
2024-03-28 09:27:20.811 [info] Added views:workbench.debug.welcome in workbench.view.debug
