2024-03-27 18:29:53.034 [info] Reading sessions from keychain...
2024-03-27 18:29:53.034 [info] Getting sessions for all scopes...
2024-03-27 18:29:53.035 [info] Getting sessions for all scopes...
2024-03-27 18:29:53.035 [info] Got stored sessions!
2024-03-27 18:29:53.035 [info] Got 1 verified sessions.
2024-03-27 18:29:53.035 [info] Got 1 sessions for ...
2024-03-27 18:29:53.035 [info] Got 1 sessions for ...
2024-03-27 18:29:53.035 [info] Getting sessions for user:email...
2024-03-27 18:29:53.035 [info] Got 1 sessions for user:email...
2024-03-27 18:29:53.048 [info] Getting sessions for user:email...
2024-03-27 18:29:53.049 [info] Got 1 sessions for user:email...
2024-03-27 18:29:53.116 [info] Getting sessions for all scopes...
2024-03-27 18:29:53.117 [info] Got 1 sessions for ...
2024-03-27 18:32:13.193 [info] Reading sessions from keychain...
2024-03-27 18:32:13.193 [info] Getting sessions for all scopes...
2024-03-27 18:32:13.193 [info] Getting sessions for user:email...
2024-03-27 18:32:13.193 [info] Got stored sessions!
2024-03-27 18:32:13.193 [info] Got 1 verified sessions.
2024-03-27 18:32:13.193 [info] Got 1 sessions for ...
2024-03-27 18:32:13.193 [info] Got 1 sessions for user:email...
2024-03-27 18:32:13.193 [info] Getting sessions for all scopes...
2024-03-27 18:32:13.193 [info] Got 1 sessions for ...
2024-03-27 18:32:13.857 [info] Getting sessions for all scopes...
2024-03-27 18:32:13.857 [info] Got 1 sessions for ...
2024-03-27 18:32:14.424 [info] Getting sessions for user:email...
2024-03-27 18:32:14.425 [info] Got 1 sessions for user:email...
