2024-03-28 08:22:14.500 [info] Reading sessions from keychain...
2024-03-28 08:22:14.500 [info] Getting sessions for all scopes...
2024-03-28 08:22:14.500 [info] Getting sessions for user:email...
2024-03-28 08:22:14.875 [info] Got stored sessions!
2024-03-28 08:22:14.876 [info] Got 1 verified sessions.
2024-03-28 08:22:14.876 [info] Got 1 sessions for ...
2024-03-28 08:22:14.877 [info] Got 1 sessions for user:email...
2024-03-28 08:22:14.998 [info] Getting sessions for user:email...
2024-03-28 08:22:14.998 [info] Got 1 sessions for user:email...
2024-03-28 08:22:15.270 [info] Getting sessions for all scopes...
2024-03-28 08:22:15.271 [info] Got 1 sessions for ...
2024-03-28 08:33:39.708 [info] Getting sessions for read:user,repo,user:email,workflow...
2024-03-28 08:33:39.710 [info] Got 0 sessions for read:user,repo,user:email,workflow...
2024-03-28 08:33:43.017 [info] Logging in for the following scopes: read:user repo user:email workflow
2024-03-28 08:33:43.087 [info] Trying without local server... (read:user repo user:email workflow)
2024-03-28 08:34:32.954 [error] User Cancelled
2024-03-28 08:34:35.958 [info] Trying with local server... (read:user repo user:email workflow)
2024-03-28 08:34:56.145 [error] User Cancelled
2024-03-28 08:35:01.612 [info] Getting sessions for read:user,repo,user:email,workflow...
2024-03-28 08:35:01.613 [info] Got 0 sessions for read:user,repo,user:email,workflow...
2024-03-28 08:35:05.348 [info] Logging in for the following scopes: read:user repo user:email workflow
2024-03-28 08:35:05.356 [info] Trying without local server... (read:user repo user:email workflow)
2024-03-28 08:35:43.339 [info] Exchanging code for token...
2024-03-28 08:35:43.877 [info] Token exchange success!
2024-03-28 08:35:43.888 [info] Getting user info...
2024-03-28 08:35:44.401 [info] Got account info!
2024-03-28 08:35:44.403 [info] Storing 2 sessions...
2024-03-28 08:35:44.427 [info] Reading sessions from keychain...
2024-03-28 08:35:44.429 [info] Stored 2 sessions!
2024-03-28 08:35:44.431 [info] Login success!
2024-03-28 08:35:44.461 [info] Getting sessions for user:email...
2024-03-28 08:35:44.601 [info] Got stored sessions!
2024-03-28 08:35:44.601 [info] Got 2 verified sessions.
2024-03-28 08:35:44.601 [info] Got 1 sessions for user:email...
2024-03-28 08:39:40.343 [info] Getting sessions for read:user,repo,user:email,workflow...
2024-03-28 08:39:40.345 [info] Got 1 sessions for read:user,repo,user:email,workflow...
2024-03-28 09:27:21.058 [info] Reading sessions from keychain...
2024-03-28 09:27:21.067 [info] Getting sessions for all scopes...
2024-03-28 09:27:21.067 [info] Getting sessions for user:email...
2024-03-28 09:27:21.067 [info] Got stored sessions!
2024-03-28 09:27:21.067 [info] Got 2 verified sessions.
2024-03-28 09:27:21.067 [info] Got 2 sessions for ...
2024-03-28 09:27:21.067 [info] Got 1 sessions for user:email...
2024-03-28 09:27:21.067 [info] Getting sessions for all scopes...
2024-03-28 09:27:21.067 [info] Got 2 sessions for ...
2024-03-28 09:27:21.107 [info] Getting sessions for user:email...
2024-03-28 09:27:21.108 [info] Got 1 sessions for user:email...
2024-03-28 09:27:21.377 [info] Getting sessions for all scopes...
2024-03-28 09:27:21.377 [info] Got 2 sessions for ...
